{"C:/Users/jdipaolo/Documents/GitHub/rpg-tools-logistics-boy/coverage/lcov-report/src/create-roll-tables.ts.html": {"path":"C:/Users/jdipaolo/Documents/GitHub/rpg-tools-logistics-boy/coverage/lcov-report/src/create-roll-tables.ts.html","statementMap":{},"fnMap":{},"branchMap":{},"s":{},"f":{},"b":{}}
,"C:/Users/jdipaolo/Documents/GitHub/rpg-tools-logistics-boy/coverage/lcov-report/src/create-tables-dialog.ts.html": {"path":"C:/Users/jdipaolo/Documents/GitHub/rpg-tools-logistics-boy/coverage/lcov-report/src/create-tables-dialog.ts.html","statementMap":{},"fnMap":{},"branchMap":{},"s":{},"f":{},"b":{}}
,"C:/Users/jdipaolo/Documents/GitHub/rpg-tools-logistics-boy/coverage/lcov-report/src/index.html": {"path":"C:/Users/jdipaolo/Documents/GitHub/rpg-tools-logistics-boy/coverage/lcov-report/src/index.html","statementMap":{},"fnMap":{},"branchMap":{},"s":{},"f":{},"b":{}}
,"C:/Users/jdipaolo/Documents/GitHub/rpg-tools-logistics-boy/coverage/lcov-report/src/interface.ts.html": {"path":"C:/Users/jdipaolo/Documents/GitHub/rpg-tools-logistics-boy/coverage/lcov-report/src/interface.ts.html","statementMap":{},"fnMap":{},"branchMap":{},"s":{},"f":{},"b":{}}
,"C:/Users/jdipaolo/Documents/GitHub/rpg-tools-logistics-boy/coverage/lcov-report/src/item-groupings.ts.html": {"path":"C:/Users/jdipaolo/Documents/GitHub/rpg-tools-logistics-boy/coverage/lcov-report/src/item-groupings.ts.html","statementMap":{},"fnMap":{},"branchMap":{},"s":{},"f":{},"b":{}}
,"C:/Users/jdipaolo/Documents/GitHub/rpg-tools-logistics-boy/coverage/lcov-report/src/module.ts.html": {"path":"C:/Users/jdipaolo/Documents/GitHub/rpg-tools-logistics-boy/coverage/lcov-report/src/module.ts.html","statementMap":{},"fnMap":{},"branchMap":{},"s":{},"f":{},"b":{}}
,"C:/Users/jdipaolo/Documents/GitHub/rpg-tools-logistics-boy/coverage/lcov-report/src/settings.ts.html": {"path":"C:/Users/jdipaolo/Documents/GitHub/rpg-tools-logistics-boy/coverage/lcov-report/src/settings.ts.html","statementMap":{},"fnMap":{},"branchMap":{},"s":{},"f":{},"b":{}}
,"C:/Users/jdipaolo/Documents/GitHub/rpg-tools-logistics-boy/coverage/lcov-report/src/sources.ts.html": {"path":"C:/Users/jdipaolo/Documents/GitHub/rpg-tools-logistics-boy/coverage/lcov-report/src/sources.ts.html","statementMap":{},"fnMap":{},"branchMap":{},"s":{},"f":{},"b":{}}
,"C:/Users/jdipaolo/Documents/GitHub/rpg-tools-logistics-boy/coverage/lcov-report/src/config/index.html": {"path":"C:/Users/jdipaolo/Documents/GitHub/rpg-tools-logistics-boy/coverage/lcov-report/src/config/index.html","statementMap":{},"fnMap":{},"branchMap":{},"s":{},"f":{},"b":{}}
,"C:/Users/jdipaolo/Documents/GitHub/rpg-tools-logistics-boy/coverage/lcov-report/src/config/settings.ts.html": {"path":"C:/Users/jdipaolo/Documents/GitHub/rpg-tools-logistics-boy/coverage/lcov-report/src/config/settings.ts.html","statementMap":{},"fnMap":{},"branchMap":{},"s":{},"f":{},"b":{}}
,"C:/Users/jdipaolo/Documents/GitHub/rpg-tools-logistics-boy/coverage/lcov-report/src/config/sources.ts.html": {"path":"C:/Users/jdipaolo/Documents/GitHub/rpg-tools-logistics-boy/coverage/lcov-report/src/config/sources.ts.html","statementMap":{},"fnMap":{},"branchMap":{},"s":{},"f":{},"b":{}}
,"C:/Users/jdipaolo/Documents/GitHub/rpg-tools-logistics-boy/coverage/lcov-report/src/interfaces/config-sources.ts.html": {"path":"C:/Users/jdipaolo/Documents/GitHub/rpg-tools-logistics-boy/coverage/lcov-report/src/interfaces/config-sources.ts.html","statementMap":{},"fnMap":{},"branchMap":{},"s":{},"f":{},"b":{}}
,"C:/Users/jdipaolo/Documents/GitHub/rpg-tools-logistics-boy/coverage/lcov-report/src/interfaces/index.html": {"path":"C:/Users/jdipaolo/Documents/GitHub/rpg-tools-logistics-boy/coverage/lcov-report/src/interfaces/index.html","statementMap":{},"fnMap":{},"branchMap":{},"s":{},"f":{},"b":{}}
,"C:/Users/jdipaolo/Documents/GitHub/rpg-tools-logistics-boy/cypress/e2e/all.cy.ts": {"path":"C:/Users/jdipaolo/Documents/GitHub/rpg-tools-logistics-boy/cypress/e2e/all.cy.ts","statementMap":{},"fnMap":{},"branchMap":{},"s":{},"f":{},"b":{}}
,"C:/Users/jdipaolo/Documents/GitHub/rpg-tools-logistics-boy/cypress/e2e/create-roll-tables.cy.ts": {"path":"C:/Users/jdipaolo/Documents/GitHub/rpg-tools-logistics-boy/cypress/e2e/create-roll-tables.cy.ts","statementMap":{},"fnMap":{},"branchMap":{},"s":{},"f":{},"b":{}}
,"C:/Users/jdipaolo/Documents/GitHub/rpg-tools-logistics-boy/cypress/e2e/interface.cy.ts": {"path":"C:/Users/jdipaolo/Documents/GitHub/rpg-tools-logistics-boy/cypress/e2e/interface.cy.ts","statementMap":{},"fnMap":{},"branchMap":{},"s":{},"f":{},"b":{}}
,"C:/Users/jdipaolo/Documents/GitHub/rpg-tools-logistics-boy/cypress/e2e/module.cy.ts": {"path":"C:/Users/jdipaolo/Documents/GitHub/rpg-tools-logistics-boy/cypress/e2e/module.cy.ts","statementMap":{},"fnMap":{},"branchMap":{},"s":{},"f":{},"b":{}}
,"C:/Users/jdipaolo/Documents/GitHub/rpg-tools-logistics-boy/cypress/e2e/config/all.cy.ts": {"path":"C:/Users/jdipaolo/Documents/GitHub/rpg-tools-logistics-boy/cypress/e2e/config/all.cy.ts","statementMap":{},"fnMap":{},"branchMap":{},"s":{},"f":{},"b":{}}
,"C:/Users/jdipaolo/Documents/GitHub/rpg-tools-logistics-boy/cypress/e2e/config/settings.cy.ts": {"path":"C:/Users/jdipaolo/Documents/GitHub/rpg-tools-logistics-boy/cypress/e2e/config/settings.cy.ts","statementMap":{},"fnMap":{},"branchMap":{},"s":{},"f":{},"b":{}}
,"C:/Users/jdipaolo/Documents/GitHub/rpg-tools-logistics-boy/cypress/e2e/config/sources.cy.ts": {"path":"C:/Users/jdipaolo/Documents/GitHub/rpg-tools-logistics-boy/cypress/e2e/config/sources.cy.ts","statementMap":{},"fnMap":{},"branchMap":{},"s":{},"f":{},"b":{}}
,"C:/Users/jdipaolo/Documents/GitHub/rpg-tools-logistics-boy/cypress/e2e/interfaces/all.cy.ts": {"path":"C:/Users/jdipaolo/Documents/GitHub/rpg-tools-logistics-boy/cypress/e2e/interfaces/all.cy.ts","statementMap":{},"fnMap":{},"branchMap":{},"s":{},"f":{},"b":{}}
,"C:/Users/jdipaolo/Documents/GitHub/rpg-tools-logistics-boy/cypress/e2e/interfaces/config-sources.cy.ts": {"path":"C:/Users/jdipaolo/Documents/GitHub/rpg-tools-logistics-boy/cypress/e2e/interfaces/config-sources.cy.ts","statementMap":{},"fnMap":{},"branchMap":{},"s":{},"f":{},"b":{}}
,"C:/Users/jdipaolo/Documents/GitHub/rpg-tools-logistics-boy/cypress/fixtures/example.json": {"path":"C:/Users/jdipaolo/Documents/GitHub/rpg-tools-logistics-boy/cypress/fixtures/example.json","statementMap":{},"fnMap":{},"branchMap":{},"s":{},"f":{},"b":{}}
,"C:/Users/jdipaolo/Documents/GitHub/rpg-tools-logistics-boy/cypress/fixtures/sources.json": {"path":"C:/Users/jdipaolo/Documents/GitHub/rpg-tools-logistics-boy/cypress/fixtures/sources.json","statementMap":{},"fnMap":{},"branchMap":{},"s":{},"f":{},"b":{}}
,"C:/Users/jdipaolo/Documents/GitHub/rpg-tools-logistics-boy/cypress/instrumented/create-roll-tables.ts": {"path":"C:/Users/jdipaolo/Documents/GitHub/rpg-tools-logistics-boy/cypress/instrumented/create-roll-tables.ts","statementMap":{},"fnMap":{},"branchMap":{},"s":{},"f":{},"b":{}}
,"C:/Users/jdipaolo/Documents/GitHub/rpg-tools-logistics-boy/cypress/instrumented/interface.ts": {"path":"C:/Users/jdipaolo/Documents/GitHub/rpg-tools-logistics-boy/cypress/instrumented/interface.ts","statementMap":{},"fnMap":{},"branchMap":{},"s":{},"f":{},"b":{}}
,"C:/Users/jdipaolo/Documents/GitHub/rpg-tools-logistics-boy/cypress/instrumented/item-groupings.ts": {"path":"C:/Users/jdipaolo/Documents/GitHub/rpg-tools-logistics-boy/cypress/instrumented/item-groupings.ts","statementMap":{},"fnMap":{},"branchMap":{},"s":{},"f":{},"b":{}}
,"C:/Users/jdipaolo/Documents/GitHub/rpg-tools-logistics-boy/cypress/instrumented/module.ts": {"path":"C:/Users/jdipaolo/Documents/GitHub/rpg-tools-logistics-boy/cypress/instrumented/module.ts","statementMap":{},"fnMap":{},"branchMap":{},"s":{},"f":{},"b":{}}
,"C:/Users/jdipaolo/Documents/GitHub/rpg-tools-logistics-boy/cypress/instrumented/config/settings.ts": {"path":"C:/Users/jdipaolo/Documents/GitHub/rpg-tools-logistics-boy/cypress/instrumented/config/settings.ts","statementMap":{},"fnMap":{},"branchMap":{},"s":{},"f":{},"b":{}}
,"C:/Users/jdipaolo/Documents/GitHub/rpg-tools-logistics-boy/cypress/instrumented/config/sources.ts": {"path":"C:/Users/jdipaolo/Documents/GitHub/rpg-tools-logistics-boy/cypress/instrumented/config/sources.ts","statementMap":{},"fnMap":{},"branchMap":{},"s":{},"f":{},"b":{}}
,"C:/Users/jdipaolo/Documents/GitHub/rpg-tools-logistics-boy/cypress/instrumented/interfaces/config-sources.ts": {"path":"C:/Users/jdipaolo/Documents/GitHub/rpg-tools-logistics-boy/cypress/instrumented/interfaces/config-sources.ts","statementMap":{},"fnMap":{},"branchMap":{},"s":{},"f":{},"b":{}}
,"C:/Users/jdipaolo/Documents/GitHub/rpg-tools-logistics-boy/cypress/instrumented/macros/logistics-boy.js": {"path":"C:/Users/jdipaolo/Documents/GitHub/rpg-tools-logistics-boy/cypress/instrumented/macros/logistics-boy.js","statementMap":{},"fnMap":{},"branchMap":{},"s":{},"f":{},"b":{}}
,"C:/Users/jdipaolo/Documents/GitHub/rpg-tools-logistics-boy/cypress/instrumented/macros/loot-boy.js": {"path":"C:/Users/jdipaolo/Documents/GitHub/rpg-tools-logistics-boy/cypress/instrumented/macros/loot-boy.js","statementMap":{},"fnMap":{},"branchMap":{},"s":{},"f":{},"b":{}}
,"C:/Users/jdipaolo/Documents/GitHub/rpg-tools-logistics-boy/cypress/instrumented/macros/stock-boy.js": {"path":"C:/Users/jdipaolo/Documents/GitHub/rpg-tools-logistics-boy/cypress/instrumented/macros/stock-boy.js","statementMap":{},"fnMap":{},"branchMap":{},"s":{},"f":{},"b":{}}
,"C:/Users/jdipaolo/Documents/GitHub/rpg-tools-logistics-boy/cypress/support/commands.ts": {"path":"C:/Users/jdipaolo/Documents/GitHub/rpg-tools-logistics-boy/cypress/support/commands.ts","statementMap":{},"fnMap":{},"branchMap":{},"s":{},"f":{},"b":{}}
,"C:/Users/jdipaolo/Documents/GitHub/rpg-tools-logistics-boy/cypress/support/e2e.ts": {"path":"C:/Users/jdipaolo/Documents/GitHub/rpg-tools-logistics-boy/cypress/support/e2e.ts","statementMap":{},"fnMap":{},"branchMap":{},"s":{},"f":{},"b":{}}
,"C:/Users/jdipaolo/Documents/GitHub/rpg-tools-logistics-boy/cypress/videos/spec.cy.ts.mp4": {"path":"C:/Users/jdipaolo/Documents/GitHub/rpg-tools-logistics-boy/cypress/videos/spec.cy.ts.mp4","statementMap":{},"fnMap":{},"branchMap":{},"s":{},"f":{},"b":{}}
,"C:/Users/jdipaolo/Documents/GitHub/rpg-tools-logistics-boy/src/create-roll-tables.ts": {"path":"C:/Users/jdipaolo/Documents/GitHub/rpg-tools-logistics-boy/src/create-roll-tables.ts","statementMap":{"0":{"start":{"line":3,"column":15},"end":{"line":5,"column":null}},"1":{"start":{"line":4,"column":2},"end":{"line":4,"column":null}},"2":{"start":{"line":7,"column":18},"end":{"line":9,"column":null}},"3":{"start":{"line":8,"column":2},"end":{"line":8,"column":null}},"4":{"start":{"line":11,"column":21},"end":{"line":22,"column":null}},"5":{"start":{"line":24,"column":46},"end":{"line":29,"column":null}},"6":{"start":{"line":31,"column":19},"end":{"line":64,"column":null}},"7":{"start":{"line":34,"column":2},"end":{"line":34,"column":null}},"8":{"start":{"line":34,"column":21},"end":{"line":34,"column":null}},"9":{"start":{"line":35,"column":27},"end":{"line":35,"column":null}},"10":{"start":{"line":36,"column":37},"end":{"line":38,"column":null}},"11":{"start":{"line":37,"column":22},"end":{"line":37,"column":null}},"12":{"start":{"line":40,"column":2},"end":{"line":40,"column":null}},"13":{"start":{"line":40,"column":25},"end":{"line":40,"column":null}},"14":{"start":{"line":42,"column":2},"end":{"line":45,"column":null}},"15":{"start":{"line":44,"column":76},"end":{"line":44,"column":113}},"16":{"start":{"line":47,"column":2},"end":{"line":62,"column":null}},"17":{"start":{"line":48,"column":19},"end":{"line":48,"column":null}},"18":{"start":{"line":49,"column":4},"end":{"line":49,"column":null}},"19":{"start":{"line":49,"column":29},"end":{"line":49,"column":null}},"20":{"start":{"line":50,"column":18},"end":{"line":50,"column":null}},"21":{"start":{"line":51,"column":10},"end":{"line":51,"column":null}},"22":{"start":{"line":52,"column":19},"end":{"line":52,"column":null}},"23":{"start":{"line":53,"column":4},"end":{"line":61,"column":null}},"24":{"start":{"line":63,"column":2},"end":{"line":63,"column":null}},"25":{"start":{"line":66,"column":25},"end":{"line":122,"column":null}},"26":{"start":{"line":72,"column":2},"end":{"line":77,"column":null}},"27":{"start":{"line":73,"column":4},"end":{"line":75,"column":null}},"28":{"start":{"line":76,"column":4},"end":{"line":76,"column":null}},"29":{"start":{"line":78,"column":26},"end":{"line":81,"column":null}},"30":{"start":{"line":82,"column":2},"end":{"line":87,"column":null}},"31":{"start":{"line":83,"column":4},"end":{"line":85,"column":null}},"32":{"start":{"line":86,"column":4},"end":{"line":86,"column":null}},"33":{"start":{"line":89,"column":24},"end":{"line":89,"column":null}},"34":{"start":{"line":90,"column":2},"end":{"line":95,"column":null}},"35":{"start":{"line":91,"column":4},"end":{"line":93,"column":null}},"36":{"start":{"line":94,"column":4},"end":{"line":94,"column":null}},"37":{"start":{"line":96,"column":20},"end":{"line":96,"column":null}},"38":{"start":{"line":97,"column":16},"end":{"line":97,"column":null}},"39":{"start":{"line":98,"column":2},"end":{"line":110,"column":null}},"40":{"start":{"line":99,"column":18},"end":{"line":99,"column":null}},"41":{"start":{"line":100,"column":4},"end":{"line":103,"column":null}},"42":{"start":{"line":101,"column":6},"end":{"line":101,"column":null}},"43":{"start":{"line":102,"column":6},"end":{"line":102,"column":null}},"44":{"start":{"line":104,"column":4},"end":{"line":104,"column":null}},"45":{"start":{"line":104,"column":48},"end":{"line":104,"column":null}},"46":{"start":{"line":105,"column":4},"end":{"line":105,"column":null}},"47":{"start":{"line":106,"column":4},"end":{"line":106,"column":null}},"48":{"start":{"line":112,"column":2},"end":{"line":120,"column":null}},"49":{"start":{"line":112,"column":15},"end":{"line":112,"column":18}},"50":{"start":{"line":113,"column":4},"end":{"line":113,"column":null}},"51":{"start":{"line":113,"column":34},"end":{"line":113,"column":null}},"52":{"start":{"line":114,"column":18},"end":{"line":114,"column":null}},"53":{"start":{"line":115,"column":4},"end":{"line":115,"column":null}},"54":{"start":{"line":116,"column":21},"end":{"line":116,"column":null}},"55":{"start":{"line":116,"column":46},"end":{"line":116,"column":63}},"56":{"start":{"line":117,"column":39},"end":{"line":117,"column":null}},"57":{"start":{"line":118,"column":4},"end":{"line":118,"column":null}},"58":{"start":{"line":119,"column":4},"end":{"line":119,"column":null}},"59":{"start":{"line":121,"column":2},"end":{"line":121,"column":null}}},"fnMap":{"0":{"name":"(anonymous_0)","decl":{"start":{"line":3,"column":15},"end":{"line":3,"column":16}},"loc":{"start":{"line":3,"column":55},"end":{"line":5,"column":null}}},"1":{"name":"(anonymous_1)","decl":{"start":{"line":7,"column":18},"end":{"line":7,"column":19}},"loc":{"start":{"line":7,"column":70},"end":{"line":9,"column":null}}},"2":{"name":"(anonymous_2)","decl":{"start":{"line":31,"column":19},"end":{"line":31,"column":null}},"loc":{"start":{"line":33,"column":20},"end":{"line":64,"column":null}}},"3":{"name":"(anonymous_3)","decl":{"start":{"line":37,"column":4},"end":{"line":37,"column":5}},"loc":{"start":{"line":37,"column":22},"end":{"line":37,"column":null}}},"4":{"name":"(anonymous_4)","decl":{"start":{"line":44,"column":20},"end":{"line":44,"column":21}},"loc":{"start":{"line":44,"column":76},"end":{"line":44,"column":113}}},"5":{"name":"(anonymous_5)","decl":{"start":{"line":47,"column":30},"end":{"line":47,"column":37}},"loc":{"start":{"line":47,"column":62},"end":{"line":62,"column":3}}},"6":{"name":"(anonymous_6)","decl":{"start":{"line":66,"column":25},"end":{"line":66,"column":null}},"loc":{"start":{"line":71,"column":23},"end":{"line":122,"column":null}}},"7":{"name":"(anonymous_7)","decl":{"start":{"line":98,"column":20},"end":{"line":98,"column":25}},"loc":{"start":{"line":98,"column":25},"end":{"line":110,"column":3}}},"8":{"name":"(anonymous_8)","decl":{"start":{"line":116,"column":41},"end":{"line":116,"column":46}},"loc":{"start":{"line":116,"column":46},"end":{"line":116,"column":63}}}},"branchMap":{"0":{"loc":{"start":{"line":34,"column":2},"end":{"line":34,"column":null}},"type":"if","locations":[{"start":{"line":34,"column":2},"end":{"line":34,"column":null}}]},"1":{"loc":{"start":{"line":36,"column":37},"end":{"line":38,"column":null}},"type":"binary-expr","locations":[{"start":{"line":36,"column":37},"end":{"line":38,"column":7}},{"start":{"line":38,"column":7},"end":{"line":38,"column":null}}]},"2":{"loc":{"start":{"line":37,"column":22},"end":{"line":37,"column":null}},"type":"binary-expr","locations":[{"start":{"line":37,"column":22},"end":{"line":37,"column":41}},{"start":{"line":37,"column":41},"end":{"line":37,"column":null}}]},"3":{"loc":{"start":{"line":40,"column":2},"end":{"line":40,"column":null}},"type":"if","locations":[{"start":{"line":40,"column":2},"end":{"line":40,"column":null}}]},"4":{"loc":{"start":{"line":48,"column":19},"end":{"line":48,"column":null}},"type":"cond-expr","locations":[{"start":{"line":48,"column":62},"end":{"line":48,"column":90}},{"start":{"line":48,"column":90},"end":{"line":48,"column":null}}]},"5":{"loc":{"start":{"line":49,"column":4},"end":{"line":49,"column":null}},"type":"if","locations":[{"start":{"line":49,"column":4},"end":{"line":49,"column":null}}]},"6":{"loc":{"start":{"line":50,"column":18},"end":{"line":50,"column":null}},"type":"cond-expr","locations":[{"start":{"line":50,"column":59},"end":{"line":50,"column":95}},{"start":{"line":50,"column":95},"end":{"line":50,"column":null}}]},"7":{"loc":{"start":{"line":52,"column":58},"end":{"line":52,"column":null}},"type":"cond-expr","locations":[{"start":{"line":52,"column":104},"end":{"line":52,"column":135}},{"start":{"line":52,"column":135},"end":{"line":52,"column":null}}]},"8":{"loc":{"start":{"line":72,"column":2},"end":{"line":77,"column":null}},"type":"if","locations":[{"start":{"line":72,"column":2},"end":{"line":77,"column":null}}]},"9":{"loc":{"start":{"line":72,"column":6},"end":{"line":72,"column":64}},"type":"binary-expr","locations":[{"start":{"line":72,"column":6},"end":{"line":72,"column":23}},{"start":{"line":72,"column":23},"end":{"line":72,"column":51}},{"start":{"line":72,"column":51},"end":{"line":72,"column":64}}]},"10":{"loc":{"start":{"line":78,"column":26},"end":{"line":81,"column":null}},"type":"binary-expr","locations":[{"start":{"line":78,"column":26},"end":{"line":78,"column":66}},{"start":{"line":78,"column":66},"end":{"line":81,"column":null}}]},"11":{"loc":{"start":{"line":82,"column":2},"end":{"line":87,"column":null}},"type":"if","locations":[{"start":{"line":82,"column":2},"end":{"line":87,"column":null}}]},"12":{"loc":{"start":{"line":90,"column":2},"end":{"line":95,"column":null}},"type":"if","locations":[{"start":{"line":90,"column":2},"end":{"line":95,"column":null}}]},"13":{"loc":{"start":{"line":100,"column":4},"end":{"line":103,"column":null}},"type":"if","locations":[{"start":{"line":100,"column":4},"end":{"line":103,"column":null}}]},"14":{"loc":{"start":{"line":104,"column":4},"end":{"line":104,"column":null}},"type":"if","locations":[{"start":{"line":104,"column":4},"end":{"line":104,"column":null}}]},"15":{"loc":{"start":{"line":113,"column":4},"end":{"line":113,"column":null}},"type":"if","locations":[{"start":{"line":113,"column":4},"end":{"line":113,"column":null}}]}},"s":{"0":1,"1":0,"2":1,"3":0,"4":1,"5":1,"6":1,"7":0,"8":0,"9":0,"10":0,"11":0,"12":0,"13":0,"14":0,"15":0,"16":0,"17":0,"18":0,"19":0,"20":0,"21":0,"22":0,"23":0,"24":0,"25":1,"26":0,"27":0,"28":0,"29":0,"30":0,"31":0,"32":0,"33":0,"34":0,"35":0,"36":0,"37":0,"38":0,"39":0,"40":0,"41":0,"42":0,"43":0,"44":0,"45":0,"46":0,"47":0,"48":0,"49":0,"50":0,"51":0,"52":0,"53":0,"54":0,"55":0,"56":0,"57":0,"58":0,"59":0},"f":{"0":0,"1":0,"2":0,"3":0,"4":0,"5":0,"6":0,"7":0,"8":0},"b":{"0":[0],"1":[0,0],"2":[0,0],"3":[0],"4":[0,0],"5":[0],"6":[0,0],"7":[0,0],"8":[0],"9":[0,0,0],"10":[0,0],"11":[0],"12":[0],"13":[0],"14":[0],"15":[0]}}
,"C:/Users/jdipaolo/Documents/GitHub/rpg-tools-logistics-boy/src/interface.ts": {"path":"C:/Users/jdipaolo/Documents/GitHub/rpg-tools-logistics-boy/src/interface.ts","statementMap":{"0":{"start":{"line":7,"column":71},"end":{"line":43,"column":null}},"1":{"start":{"line":46,"column":4},"end":{"line":52,"column":null}},"2":{"start":{"line":56,"column":4},"end":{"line":56,"column":null}},"3":{"start":{"line":57,"column":4},"end":{"line":57,"column":null}},"4":{"start":{"line":58,"column":4},"end":{"line":58,"column":null}},"5":{"start":{"line":64,"column":4},"end":{"line":64,"column":null}},"6":{"start":{"line":68,"column":4},"end":{"line":68,"column":null}},"7":{"start":{"line":69,"column":4},"end":{"line":69,"column":null}},"8":{"start":{"line":75,"column":4},"end":{"line":75,"column":null}},"9":{"start":{"line":76,"column":4},"end":{"line":76,"column":null}},"10":{"start":{"line":77,"column":4},"end":{"line":77,"column":null}},"11":{"start":{"line":77,"column":33},"end":{"line":77,"column":57}},"12":{"start":{"line":81,"column":20},"end":{"line":81,"column":null}},"13":{"start":{"line":81,"column":46},"end":{"line":81,"column":61}},"14":{"start":{"line":82,"column":4},"end":{"line":82,"column":null}},"15":{"start":{"line":82,"column":25},"end":{"line":82,"column":null}},"16":{"start":{"line":83,"column":4},"end":{"line":83,"column":null}},"17":{"start":{"line":84,"column":4},"end":{"line":84,"column":null}},"18":{"start":{"line":85,"column":4},"end":{"line":85,"column":null}},"19":{"start":{"line":86,"column":4},"end":{"line":86,"column":null}},"20":{"start":{"line":86,"column":33},"end":{"line":86,"column":57}},"21":{"start":{"line":90,"column":4},"end":{"line":90,"column":null}},"22":{"start":{"line":96,"column":4},"end":{"line":99,"column":null}},"23":{"start":{"line":97,"column":6},"end":{"line":97,"column":null}},"24":{"start":{"line":98,"column":6},"end":{"line":98,"column":null}},"25":{"start":{"line":100,"column":4},"end":{"line":100,"column":null}},"26":{"start":{"line":104,"column":4},"end":{"line":104,"column":null}},"27":{"start":{"line":104,"column":51},"end":{"line":104,"column":82}},"28":{"start":{"line":108,"column":4},"end":{"line":113,"column":null}},"29":{"start":{"line":117,"column":4},"end":{"line":117,"column":null}},"30":{"start":{"line":118,"column":4},"end":{"line":125,"column":null}},"31":{"start":{"line":121,"column":8},"end":{"line":124,"column":null}},"32":{"start":{"line":123,"column":12},"end":{"line":123,"column":null}},"33":{"start":{"line":129,"column":4},"end":{"line":129,"column":null}},"34":{"start":{"line":130,"column":20},"end":{"line":132,"column":null}},"35":{"start":{"line":134,"column":19},"end":{"line":134,"column":null}},"36":{"start":{"line":135,"column":4},"end":{"line":154,"column":null}},"37":{"start":{"line":137,"column":8},"end":{"line":137,"column":null}},"38":{"start":{"line":138,"column":8},"end":{"line":138,"column":null}},"39":{"start":{"line":140,"column":8},"end":{"line":140,"column":null}},"40":{"start":{"line":141,"column":8},"end":{"line":141,"column":null}},"41":{"start":{"line":143,"column":8},"end":{"line":143,"column":null}},"42":{"start":{"line":144,"column":8},"end":{"line":144,"column":null}},"43":{"start":{"line":146,"column":8},"end":{"line":146,"column":null}},"44":{"start":{"line":147,"column":8},"end":{"line":147,"column":null}},"45":{"start":{"line":149,"column":8},"end":{"line":149,"column":null}},"46":{"start":{"line":150,"column":8},"end":{"line":150,"column":null}},"47":{"start":{"line":152,"column":8},"end":{"line":152,"column":null}},"48":{"start":{"line":153,"column":8},"end":{"line":153,"column":null}},"49":{"start":{"line":158,"column":19},"end":{"line":158,"column":null}},"50":{"start":{"line":159,"column":19},"end":{"line":161,"column":null}},"51":{"start":{"line":159,"column":52},"end":{"line":159,"column":102}},"52":{"start":{"line":160,"column":6},"end":{"line":160,"column":null}},"53":{"start":{"line":162,"column":4},"end":{"line":183,"column":null}},"54":{"start":{"line":163,"column":6},"end":{"line":163,"column":null}},"55":{"start":{"line":165,"column":21},"end":{"line":171,"column":null}},"56":{"start":{"line":173,"column":6},"end":{"line":180,"column":null}},"57":{"start":{"line":174,"column":8},"end":{"line":179,"column":null}},"58":{"start":{"line":175,"column":10},"end":{"line":175,"column":null}},"59":{"start":{"line":177,"column":10},"end":{"line":177,"column":null}},"60":{"start":{"line":178,"column":10},"end":{"line":178,"column":null}},"61":{"start":{"line":182,"column":6},"end":{"line":182,"column":null}},"62":{"start":{"line":187,"column":4},"end":{"line":192,"column":null}},"63":{"start":{"line":188,"column":6},"end":{"line":188,"column":null}},"64":{"start":{"line":189,"column":6},"end":{"line":189,"column":null}},"65":{"start":{"line":191,"column":6},"end":{"line":191,"column":null}},"66":{"start":{"line":196,"column":4},"end":{"line":196,"column":null}},"67":{"start":{"line":197,"column":4},"end":{"line":197,"column":null}},"68":{"start":{"line":201,"column":19},"end":{"line":201,"column":null}},"69":{"start":{"line":202,"column":4},"end":{"line":204,"column":null}},"70":{"start":{"line":202,"column":37},"end":{"line":202,"column":70}},"71":{"start":{"line":203,"column":7},"end":{"line":203,"column":null}},"72":{"start":{"line":208,"column":19},"end":{"line":208,"column":null}},"73":{"start":{"line":209,"column":4},"end":{"line":211,"column":null}},"74":{"start":{"line":209,"column":37},"end":{"line":209,"column":70}},"75":{"start":{"line":210,"column":7},"end":{"line":210,"column":null}}},"fnMap":{"0":{"name":"(anonymous_0)","decl":{"start":{"line":45,"column":2},"end":{"line":45,"column":22}},"loc":{"start":{"line":45,"column":60},"end":{"line":53,"column":null}}},"1":{"name":"(anonymous_1)","decl":{"start":{"line":55,"column":2},"end":{"line":55,"column":15}},"loc":{"start":{"line":55,"column":45},"end":{"line":59,"column":null}}},"2":{"name":"(anonymous_2)","decl":{"start":{"line":63,"column":2},"end":{"line":63,"column":34}},"loc":{"start":{"line":63,"column":34},"end":{"line":65,"column":null}}},"3":{"name":"(anonymous_3)","decl":{"start":{"line":67,"column":2},"end":{"line":67,"column":16}},"loc":{"start":{"line":67,"column":76},"end":{"line":70,"column":null}}},"4":{"name":"(anonymous_4)","decl":{"start":{"line":74,"column":2},"end":{"line":74,"column":8}},"loc":{"start":{"line":74,"column":51},"end":{"line":78,"column":null}}},"5":{"name":"(anonymous_5)","decl":{"start":{"line":77,"column":22},"end":{"line":77,"column":33}},"loc":{"start":{"line":77,"column":33},"end":{"line":77,"column":57}}},"6":{"name":"(anonymous_6)","decl":{"start":{"line":80,"column":2},"end":{"line":80,"column":8}},"loc":{"start":{"line":80,"column":50},"end":{"line":87,"column":null}}},"7":{"name":"(anonymous_7)","decl":{"start":{"line":81,"column":41},"end":{"line":81,"column":46}},"loc":{"start":{"line":81,"column":46},"end":{"line":81,"column":61}}},"8":{"name":"(anonymous_8)","decl":{"start":{"line":86,"column":22},"end":{"line":86,"column":33}},"loc":{"start":{"line":86,"column":33},"end":{"line":86,"column":57}}},"9":{"name":"(anonymous_9)","decl":{"start":{"line":89,"column":10},"end":{"line":89,"column":35}},"loc":{"start":{"line":89,"column":35},"end":{"line":91,"column":null}}},"10":{"name":"(anonymous_10)","decl":{"start":{"line":95,"column":10},"end":{"line":95,"column":25}},"loc":{"start":{"line":95,"column":68},"end":{"line":101,"column":null}}},"11":{"name":"(anonymous_11)","decl":{"start":{"line":103,"column":10},"end":{"line":103,"column":53}},"loc":{"start":{"line":103,"column":53},"end":{"line":105,"column":null}}},"12":{"name":"(anonymous_12)","decl":{"start":{"line":104,"column":41},"end":{"line":104,"column":51}},"loc":{"start":{"line":104,"column":51},"end":{"line":104,"column":82}}},"13":{"name":"(anonymous_13)","decl":{"start":{"line":107,"column":11},"end":{"line":107,"column":42}},"loc":{"start":{"line":107,"column":42},"end":{"line":114,"column":null}}},"14":{"name":"(anonymous_14)","decl":{"start":{"line":116,"column":11},"end":{"line":116,"column":30}},"loc":{"start":{"line":116,"column":63},"end":{"line":126,"column":null}}},"15":{"name":"(anonymous_15)","decl":{"start":{"line":120,"column":19},"end":{"line":120,"column":20}},"loc":{"start":{"line":120,"column":53},"end":{"line":125,"column":7}}},"16":{"name":"(anonymous_16)","decl":{"start":{"line":122,"column":17},"end":{"line":122,"column":24}},"loc":{"start":{"line":122,"column":24},"end":{"line":124,"column":11}}},"17":{"name":"(anonymous_17)","decl":{"start":{"line":128,"column":2},"end":{"line":128,"column":16}},"loc":{"start":{"line":128,"column":81},"end":{"line":155,"column":null}}},"18":{"name":"(anonymous_18)","decl":{"start":{"line":157,"column":2},"end":{"line":157,"column":16}},"loc":{"start":{"line":157,"column":52},"end":{"line":184,"column":null}}},"19":{"name":"(anonymous_19)","decl":{"start":{"line":159,"column":43},"end":{"line":159,"column":52}},"loc":{"start":{"line":159,"column":52},"end":{"line":159,"column":102}}},"20":{"name":"(anonymous_20)","decl":{"start":{"line":159,"column":108},"end":{"line":159,"column":117}},"loc":{"start":{"line":159,"column":117},"end":{"line":161,"column":5}}},"21":{"name":"(anonymous_21)","decl":{"start":{"line":173,"column":25},"end":{"line":173,"column":31}},"loc":{"start":{"line":173,"column":31},"end":{"line":180,"column":9}}},"22":{"name":"(anonymous_22)","decl":{"start":{"line":174,"column":37},"end":{"line":174,"column":43}},"loc":{"start":{"line":174,"column":43},"end":{"line":176,"column":9}}},"23":{"name":"(anonymous_23)","decl":{"start":{"line":176,"column":17},"end":{"line":176,"column":24}},"loc":{"start":{"line":176,"column":24},"end":{"line":179,"column":9}}},"24":{"name":"(anonymous_24)","decl":{"start":{"line":186,"column":2},"end":{"line":186,"column":16}},"loc":{"start":{"line":186,"column":42},"end":{"line":193,"column":null}}},"25":{"name":"(anonymous_25)","decl":{"start":{"line":195,"column":2},"end":{"line":195,"column":16}},"loc":{"start":{"line":195,"column":40},"end":{"line":198,"column":null}}},"26":{"name":"(anonymous_26)","decl":{"start":{"line":200,"column":2},"end":{"line":200,"column":16}},"loc":{"start":{"line":200,"column":45},"end":{"line":205,"column":null}}},"27":{"name":"(anonymous_27)","decl":{"start":{"line":202,"column":28},"end":{"line":202,"column":37}},"loc":{"start":{"line":202,"column":37},"end":{"line":202,"column":70}}},"28":{"name":"(anonymous_28)","decl":{"start":{"line":202,"column":80},"end":{"line":202,"column":89}},"loc":{"start":{"line":202,"column":89},"end":{"line":204,"column":5}}},"29":{"name":"(anonymous_29)","decl":{"start":{"line":207,"column":2},"end":{"line":207,"column":16}},"loc":{"start":{"line":207,"column":46},"end":{"line":212,"column":null}}},"30":{"name":"(anonymous_30)","decl":{"start":{"line":209,"column":28},"end":{"line":209,"column":37}},"loc":{"start":{"line":209,"column":37},"end":{"line":209,"column":70}}},"31":{"name":"(anonymous_31)","decl":{"start":{"line":209,"column":80},"end":{"line":209,"column":89}},"loc":{"start":{"line":209,"column":89},"end":{"line":211,"column":5}}}},"branchMap":{"0":{"loc":{"start":{"line":82,"column":4},"end":{"line":82,"column":null}},"type":"if","locations":[{"start":{"line":82,"column":4},"end":{"line":82,"column":null}}]},"1":{"loc":{"start":{"line":96,"column":4},"end":{"line":99,"column":null}},"type":"if","locations":[{"start":{"line":96,"column":4},"end":{"line":99,"column":null}}]},"2":{"loc":{"start":{"line":130,"column":20},"end":{"line":132,"column":null}},"type":"cond-expr","locations":[{"start":{"line":131,"column":8},"end":{"line":131,"column":null}},{"start":{"line":132,"column":8},"end":{"line":132,"column":null}}]},"3":{"loc":{"start":{"line":135,"column":4},"end":{"line":154,"column":null}},"type":"switch","locations":[{"start":{"line":136,"column":6},"end":{"line":138,"column":null}},{"start":{"line":139,"column":6},"end":{"line":141,"column":null}},{"start":{"line":142,"column":6},"end":{"line":144,"column":null}},{"start":{"line":145,"column":6},"end":{"line":147,"column":null}},{"start":{"line":148,"column":6},"end":{"line":150,"column":null}},{"start":{"line":151,"column":6},"end":{"line":153,"column":null}}]},"4":{"loc":{"start":{"line":159,"column":52},"end":{"line":159,"column":102}},"type":"binary-expr","locations":[{"start":{"line":159,"column":52},"end":{"line":159,"column":89}},{"start":{"line":159,"column":89},"end":{"line":159,"column":102}}]},"5":{"loc":{"start":{"line":162,"column":4},"end":{"line":183,"column":null}},"type":"if","locations":[{"start":{"line":162,"column":4},"end":{"line":183,"column":null}},{"start":{"line":181,"column":11},"end":{"line":183,"column":null}}]},"6":{"loc":{"start":{"line":165,"column":21},"end":{"line":171,"column":null}},"type":"cond-expr","locations":[{"start":{"line":170,"column":10},"end":{"line":170,"column":null}},{"start":{"line":171,"column":10},"end":{"line":171,"column":null}}]},"7":{"loc":{"start":{"line":187,"column":4},"end":{"line":192,"column":null}},"type":"if","locations":[{"start":{"line":187,"column":4},"end":{"line":192,"column":null}},{"start":{"line":190,"column":11},"end":{"line":192,"column":null}}]}},"s":{"0":1,"1":1,"2":1,"3":1,"4":1,"5":0,"6":0,"7":0,"8":0,"9":0,"10":0,"11":0,"12":0,"13":0,"14":0,"15":0,"16":0,"17":0,"18":0,"19":0,"20":0,"21":0,"22":0,"23":0,"24":0,"25":0,"26":0,"27":0,"28":0,"29":0,"30":0,"31":0,"32":0,"33":0,"34":0,"35":0,"36":0,"37":0,"38":0,"39":0,"40":0,"41":0,"42":0,"43":0,"44":0,"45":0,"46":0,"47":0,"48":0,"49":0,"50":0,"51":0,"52":0,"53":0,"54":0,"55":0,"56":0,"57":0,"58":0,"59":0,"60":0,"61":0,"62":0,"63":0,"64":0,"65":0,"66":0,"67":0,"68":0,"69":0,"70":0,"71":0,"72":0,"73":0,"74":0,"75":0},"f":{"0":1,"1":1,"2":0,"3":0,"4":0,"5":0,"6":0,"7":0,"8":0,"9":0,"10":0,"11":0,"12":0,"13":0,"14":0,"15":0,"16":0,"17":0,"18":0,"19":0,"20":0,"21":0,"22":0,"23":0,"24":0,"25":0,"26":0,"27":0,"28":0,"29":0,"30":0,"31":0},"b":{"0":[0],"1":[0],"2":[0,0],"3":[0,0,0,0,0,0],"4":[0,0],"5":[0,0],"6":[0,0],"7":[0,0]}}
,"C:/Users/jdipaolo/Documents/GitHub/rpg-tools-logistics-boy/src/item-groupings.ts": {"path":"C:/Users/jdipaolo/Documents/GitHub/rpg-tools-logistics-boy/src/item-groupings.ts","statementMap":{"0":{"start":{"line":1,"column":18},"end":{"line":5,"column":null}},"1":{"start":{"line":2,"column":2},"end":{"line":5,"column":null}},"2":{"start":{"line":8,"column":18},"end":{"line":25,"column":null}},"3":{"start":{"line":10,"column":4},"end":{"line":25,"column":null}},"4":{"start":{"line":28,"column":17},"end":{"line":40,"column":null}},"5":{"start":{"line":30,"column":4},"end":{"line":40,"column":null}},"6":{"start":{"line":44,"column":18},"end":{"line":52,"column":null}},"7":{"start":{"line":46,"column":4},"end":{"line":52,"column":null}},"8":{"start":{"line":55,"column":18},"end":{"line":62,"column":null}},"9":{"start":{"line":57,"column":4},"end":{"line":62,"column":null}},"10":{"start":{"line":65,"column":18},"end":{"line":69,"column":null}},"11":{"start":{"line":66,"column":2},"end":{"line":69,"column":null}},"12":{"start":{"line":72,"column":26},"end":{"line":74,"column":null}},"13":{"start":{"line":73,"column":2},"end":{"line":74,"column":null}},"14":{"start":{"line":76,"column":17},"end":{"line":76,"column":null}},"15":{"start":{"line":76,"column":52},"end":{"line":76,"column":null}},"16":{"start":{"line":77,"column":21},"end":{"line":125,"column":null}},"17":{"start":{"line":77,"column":22},"end":{"line":125,"column":null}},"18":{"start":{"line":127,"column":14},"end":{"line":131,"column":null}},"19":{"start":{"line":129,"column":4},"end":{"line":131,"column":null}},"20":{"start":{"line":134,"column":17},"end":{"line":157,"column":null}},"21":{"start":{"line":134,"column":18},"end":{"line":157,"column":null}},"22":{"start":{"line":159,"column":32},"end":{"line":167,"column":null}},"23":{"start":{"line":160,"column":2},"end":{"line":167,"column":null}},"24":{"start":{"line":170,"column":27},"end":{"line":188,"column":null}},"25":{"start":{"line":172,"column":4},"end":{"line":188,"column":null}},"26":{"start":{"line":192,"column":27},"end":{"line":259,"column":null}},"27":{"start":{"line":194,"column":4},"end":{"line":259,"column":null}},"28":{"start":{"line":264,"column":18},"end":{"line":266,"column":null}},"29":{"start":{"line":265,"column":2},"end":{"line":266,"column":null}},"30":{"start":{"line":268,"column":29},"end":{"line":276,"column":null}},"31":{"start":{"line":270,"column":4},"end":{"line":276,"column":null}},"32":{"start":{"line":279,"column":29},"end":{"line":303,"column":null}},"33":{"start":{"line":282,"column":6},"end":{"line":303,"column":null}},"34":{"start":{"line":308,"column":20},"end":{"line":310,"column":null}},"35":{"start":{"line":309,"column":2},"end":{"line":310,"column":null}},"36":{"start":{"line":312,"column":16},"end":{"line":317,"column":null}},"37":{"start":{"line":313,"column":2},"end":{"line":317,"column":null}},"38":{"start":{"line":319,"column":17},"end":{"line":327,"column":null}},"39":{"start":{"line":319,"column":18},"end":{"line":327,"column":null}},"40":{"start":{"line":329,"column":21},"end":{"line":346,"column":null}},"41":{"start":{"line":331,"column":4},"end":{"line":346,"column":null}},"42":{"start":{"line":349,"column":22},"end":{"line":366,"column":null}},"43":{"start":{"line":351,"column":4},"end":{"line":366,"column":null}},"44":{"start":{"line":369,"column":26},"end":{"line":379,"column":null}},"45":{"start":{"line":370,"column":2},"end":{"line":379,"column":null}},"46":{"start":{"line":383,"column":40},"end":{"line":493,"column":null}},"47":{"start":{"line":494,"column":18},"end":{"line":494,"column":null}},"48":{"start":{"line":496,"column":0},"end":{"line":496,"column":null}},"49":{"start":{"line":496,"column":30},"end":{"line":496,"column":60}},"50":{"start":{"line":498,"column":0},"end":{"line":510,"column":null}},"51":{"start":{"line":502,"column":4},"end":{"line":506,"column":null}},"52":{"start":{"line":502,"column":17},"end":{"line":502,"column":20}},"53":{"start":{"line":503,"column":6},"end":{"line":505,"column":null}},"54":{"start":{"line":504,"column":8},"end":{"line":504,"column":null}},"55":{"start":{"line":507,"column":4},"end":{"line":507,"column":null}}},"fnMap":{"0":{"name":"(anonymous_0)","decl":{"start":{"line":1,"column":18},"end":{"line":1,"column":19}},"loc":{"start":{"line":2,"column":2},"end":{"line":5,"column":null}}},"1":{"name":"(anonymous_1)","decl":{"start":{"line":8,"column":18},"end":{"line":8,"column":19}},"loc":{"start":{"line":10,"column":4},"end":{"line":25,"column":null}}},"2":{"name":"(anonymous_2)","decl":{"start":{"line":28,"column":17},"end":{"line":28,"column":18}},"loc":{"start":{"line":30,"column":4},"end":{"line":40,"column":null}}},"3":{"name":"(anonymous_3)","decl":{"start":{"line":44,"column":18},"end":{"line":44,"column":19}},"loc":{"start":{"line":46,"column":4},"end":{"line":52,"column":null}}},"4":{"name":"(anonymous_4)","decl":{"start":{"line":55,"column":18},"end":{"line":55,"column":19}},"loc":{"start":{"line":57,"column":4},"end":{"line":62,"column":null}}},"5":{"name":"(anonymous_5)","decl":{"start":{"line":65,"column":18},"end":{"line":65,"column":19}},"loc":{"start":{"line":66,"column":2},"end":{"line":69,"column":null}}},"6":{"name":"(anonymous_6)","decl":{"start":{"line":72,"column":26},"end":{"line":72,"column":27}},"loc":{"start":{"line":73,"column":2},"end":{"line":74,"column":null}}},"7":{"name":"(anonymous_7)","decl":{"start":{"line":76,"column":17},"end":{"line":76,"column":18}},"loc":{"start":{"line":76,"column":52},"end":{"line":76,"column":null}}},"8":{"name":"(anonymous_8)","decl":{"start":{"line":77,"column":21},"end":{"line":77,"column":22}},"loc":{"start":{"line":77,"column":22},"end":{"line":125,"column":null}}},"9":{"name":"(anonymous_9)","decl":{"start":{"line":127,"column":14},"end":{"line":127,"column":15}},"loc":{"start":{"line":129,"column":4},"end":{"line":131,"column":null}}},"10":{"name":"(anonymous_10)","decl":{"start":{"line":134,"column":17},"end":{"line":134,"column":18}},"loc":{"start":{"line":134,"column":18},"end":{"line":157,"column":null}}},"11":{"name":"(anonymous_11)","decl":{"start":{"line":159,"column":32},"end":{"line":159,"column":33}},"loc":{"start":{"line":160,"column":2},"end":{"line":167,"column":null}}},"12":{"name":"(anonymous_12)","decl":{"start":{"line":170,"column":27},"end":{"line":170,"column":28}},"loc":{"start":{"line":172,"column":4},"end":{"line":188,"column":null}}},"13":{"name":"(anonymous_13)","decl":{"start":{"line":192,"column":27},"end":{"line":192,"column":28}},"loc":{"start":{"line":194,"column":4},"end":{"line":259,"column":null}}},"14":{"name":"(anonymous_14)","decl":{"start":{"line":264,"column":18},"end":{"line":264,"column":19}},"loc":{"start":{"line":265,"column":2},"end":{"line":266,"column":null}}},"15":{"name":"(anonymous_15)","decl":{"start":{"line":268,"column":29},"end":{"line":268,"column":30}},"loc":{"start":{"line":270,"column":4},"end":{"line":276,"column":null}}},"16":{"name":"(anonymous_16)","decl":{"start":{"line":279,"column":29},"end":{"line":279,"column":30}},"loc":{"start":{"line":282,"column":6},"end":{"line":303,"column":null}}},"17":{"name":"(anonymous_17)","decl":{"start":{"line":308,"column":20},"end":{"line":308,"column":21}},"loc":{"start":{"line":309,"column":2},"end":{"line":310,"column":null}}},"18":{"name":"(anonymous_18)","decl":{"start":{"line":312,"column":16},"end":{"line":312,"column":17}},"loc":{"start":{"line":313,"column":2},"end":{"line":317,"column":null}}},"19":{"name":"(anonymous_19)","decl":{"start":{"line":319,"column":17},"end":{"line":319,"column":18}},"loc":{"start":{"line":319,"column":18},"end":{"line":327,"column":null}}},"20":{"name":"(anonymous_20)","decl":{"start":{"line":329,"column":21},"end":{"line":329,"column":22}},"loc":{"start":{"line":331,"column":4},"end":{"line":346,"column":null}}},"21":{"name":"(anonymous_21)","decl":{"start":{"line":349,"column":22},"end":{"line":349,"column":23}},"loc":{"start":{"line":351,"column":4},"end":{"line":366,"column":null}}},"22":{"name":"(anonymous_22)","decl":{"start":{"line":369,"column":26},"end":{"line":369,"column":27}},"loc":{"start":{"line":370,"column":2},"end":{"line":379,"column":null}}},"23":{"name":"(anonymous_23)","decl":{"start":{"line":496,"column":20},"end":{"line":496,"column":21}},"loc":{"start":{"line":496,"column":30},"end":{"line":496,"column":60}}},"24":{"name":"(anonymous_24)","decl":{"start":{"line":501,"column":8},"end":{"line":501,"column":9}},"loc":{"start":{"line":501,"column":34},"end":{"line":508,"column":null}}}},"branchMap":{"0":{"loc":{"start":{"line":2,"column":2},"end":{"line":5,"column":null}},"type":"binary-expr","locations":[{"start":{"line":2,"column":2},"end":{"line":2,"column":null}},{"start":{"line":3,"column":2},"end":{"line":3,"column":null}},{"start":{"line":4,"column":2},"end":{"line":4,"column":null}},{"start":{"line":5,"column":2},"end":{"line":5,"column":null}}]},"1":{"loc":{"start":{"line":10,"column":4},"end":{"line":25,"column":null}},"type":"binary-expr","locations":[{"start":{"line":10,"column":4},"end":{"line":10,"column":null}},{"start":{"line":13,"column":8},"end":{"line":13,"column":null}},{"start":{"line":14,"column":8},"end":{"line":14,"column":null}},{"start":{"line":15,"column":8},"end":{"line":15,"column":null}},{"start":{"line":16,"column":8},"end":{"line":16,"column":null}},{"start":{"line":17,"column":8},"end":{"line":17,"column":null}},{"start":{"line":19,"column":8},"end":{"line":19,"column":null}},{"start":{"line":20,"column":8},"end":{"line":20,"column":null}},{"start":{"line":24,"column":4},"end":{"line":24,"column":null}},{"start":{"line":25,"column":4},"end":{"line":25,"column":null}}]},"2":{"loc":{"start":{"line":30,"column":4},"end":{"line":40,"column":null}},"type":"binary-expr","locations":[{"start":{"line":30,"column":4},"end":{"line":30,"column":null}},{"start":{"line":31,"column":4},"end":{"line":31,"column":null}},{"start":{"line":33,"column":4},"end":{"line":33,"column":null}},{"start":{"line":35,"column":6},"end":{"line":35,"column":null}},{"start":{"line":36,"column":6},"end":{"line":36,"column":null}},{"start":{"line":37,"column":6},"end":{"line":37,"column":null}},{"start":{"line":38,"column":6},"end":{"line":38,"column":null}},{"start":{"line":39,"column":6},"end":{"line":39,"column":null}},{"start":{"line":40,"column":6},"end":{"line":40,"column":null}}]},"3":{"loc":{"start":{"line":46,"column":4},"end":{"line":52,"column":null}},"type":"binary-expr","locations":[{"start":{"line":46,"column":4},"end":{"line":46,"column":null}},{"start":{"line":47,"column":4},"end":{"line":47,"column":null}},{"start":{"line":48,"column":4},"end":{"line":48,"column":null}},{"start":{"line":49,"column":4},"end":{"line":49,"column":null}},{"start":{"line":50,"column":4},"end":{"line":50,"column":null}},{"start":{"line":52,"column":4},"end":{"line":52,"column":null}}]},"4":{"loc":{"start":{"line":57,"column":4},"end":{"line":62,"column":null}},"type":"binary-expr","locations":[{"start":{"line":57,"column":4},"end":{"line":57,"column":null}},{"start":{"line":58,"column":4},"end":{"line":58,"column":null}},{"start":{"line":59,"column":4},"end":{"line":59,"column":null}},{"start":{"line":60,"column":4},"end":{"line":60,"column":null}},{"start":{"line":62,"column":4},"end":{"line":62,"column":null}}]},"5":{"loc":{"start":{"line":66,"column":2},"end":{"line":69,"column":null}},"type":"binary-expr","locations":[{"start":{"line":66,"column":2},"end":{"line":66,"column":null}},{"start":{"line":68,"column":4},"end":{"line":68,"column":null}},{"start":{"line":69,"column":4},"end":{"line":69,"column":null}}]},"6":{"loc":{"start":{"line":73,"column":2},"end":{"line":74,"column":null}},"type":"binary-expr","locations":[{"start":{"line":73,"column":2},"end":{"line":73,"column":null}},{"start":{"line":74,"column":2},"end":{"line":74,"column":null}}]},"7":{"loc":{"start":{"line":76,"column":52},"end":{"line":76,"column":null}},"type":"binary-expr","locations":[{"start":{"line":76,"column":52},"end":{"line":76,"column":79}},{"start":{"line":76,"column":79},"end":{"line":76,"column":null}}]},"8":{"loc":{"start":{"line":77,"column":22},"end":{"line":125,"column":null}},"type":"binary-expr","locations":[{"start":{"line":79,"column":4},"end":{"line":79,"column":null}},{"start":{"line":80,"column":4},"end":{"line":80,"column":null}},{"start":{"line":82,"column":6},"end":{"line":82,"column":null}},{"start":{"line":83,"column":8},"end":{"line":83,"column":null}},{"start":{"line":84,"column":8},"end":{"line":84,"column":null}},{"start":{"line":85,"column":8},"end":{"line":85,"column":null}},{"start":{"line":86,"column":8},"end":{"line":86,"column":null}},{"start":{"line":87,"column":8},"end":{"line":87,"column":null}},{"start":{"line":91,"column":2},"end":{"line":91,"column":null}},{"start":{"line":92,"column":2},"end":{"line":92,"column":null}},{"start":{"line":93,"column":2},"end":{"line":116,"column":null}},{"start":{"line":119,"column":2},"end":{"line":119,"column":null}},{"start":{"line":120,"column":2},"end":{"line":120,"column":null}},{"start":{"line":121,"column":2},"end":{"line":121,"column":null}},{"start":{"line":122,"column":2},"end":{"line":122,"column":null}},{"start":{"line":123,"column":2},"end":{"line":123,"column":null}},{"start":{"line":124,"column":2},"end":{"line":124,"column":null}},{"start":{"line":125,"column":2},"end":{"line":125,"column":null}}]},"9":{"loc":{"start":{"line":94,"column":4},"end":{"line":116,"column":null}},"type":"binary-expr","locations":[{"start":{"line":94,"column":4},"end":{"line":94,"column":null}},{"start":{"line":96,"column":6},"end":{"line":96,"column":null}},{"start":{"line":97,"column":6},"end":{"line":97,"column":null}},{"start":{"line":98,"column":6},"end":{"line":98,"column":null}},{"start":{"line":99,"column":6},"end":{"line":99,"column":null}},{"start":{"line":100,"column":6},"end":{"line":100,"column":null}},{"start":{"line":101,"column":6},"end":{"line":101,"column":null}},{"start":{"line":102,"column":6},"end":{"line":102,"column":null}},{"start":{"line":103,"column":6},"end":{"line":103,"column":null}},{"start":{"line":104,"column":6},"end":{"line":104,"column":null}},{"start":{"line":105,"column":6},"end":{"line":105,"column":null}},{"start":{"line":106,"column":6},"end":{"line":106,"column":null}},{"start":{"line":107,"column":6},"end":{"line":107,"column":null}},{"start":{"line":108,"column":6},"end":{"line":108,"column":null}},{"start":{"line":109,"column":6},"end":{"line":109,"column":null}},{"start":{"line":110,"column":6},"end":{"line":110,"column":null}},{"start":{"line":111,"column":6},"end":{"line":111,"column":null}},{"start":{"line":112,"column":6},"end":{"line":112,"column":null}},{"start":{"line":113,"column":6},"end":{"line":113,"column":null}},{"start":{"line":114,"column":6},"end":{"line":114,"column":null}},{"start":{"line":115,"column":6},"end":{"line":115,"column":null}},{"start":{"line":116,"column":6},"end":{"line":116,"column":null}}]},"10":{"loc":{"start":{"line":129,"column":4},"end":{"line":131,"column":null}},"type":"binary-expr","locations":[{"start":{"line":129,"column":4},"end":{"line":129,"column":null}},{"start":{"line":130,"column":4},"end":{"line":130,"column":null}},{"start":{"line":131,"column":4},"end":{"line":131,"column":null}}]},"11":{"loc":{"start":{"line":134,"column":18},"end":{"line":157,"column":null}},"type":"binary-expr","locations":[{"start":{"line":137,"column":6},"end":{"line":137,"column":null}},{"start":{"line":138,"column":6},"end":{"line":138,"column":null}},{"start":{"line":140,"column":4},"end":{"line":140,"column":null}},{"start":{"line":142,"column":6},"end":{"line":142,"column":null}},{"start":{"line":143,"column":6},"end":{"line":143,"column":null}},{"start":{"line":144,"column":6},"end":{"line":144,"column":null}},{"start":{"line":145,"column":6},"end":{"line":145,"column":null}},{"start":{"line":146,"column":6},"end":{"line":146,"column":null}},{"start":{"line":147,"column":6},"end":{"line":147,"column":null}},{"start":{"line":148,"column":6},"end":{"line":148,"column":null}},{"start":{"line":149,"column":6},"end":{"line":149,"column":null}},{"start":{"line":150,"column":6},"end":{"line":150,"column":null}},{"start":{"line":151,"column":6},"end":{"line":151,"column":null}},{"start":{"line":152,"column":6},"end":{"line":152,"column":null}},{"start":{"line":153,"column":6},"end":{"line":153,"column":null}},{"start":{"line":154,"column":6},"end":{"line":154,"column":null}},{"start":{"line":157,"column":2},"end":{"line":157,"column":null}}]},"12":{"loc":{"start":{"line":160,"column":2},"end":{"line":167,"column":null}},"type":"binary-expr","locations":[{"start":{"line":160,"column":2},"end":{"line":160,"column":null}},{"start":{"line":161,"column":2},"end":{"line":161,"column":null}},{"start":{"line":162,"column":2},"end":{"line":162,"column":null}},{"start":{"line":163,"column":2},"end":{"line":163,"column":null}},{"start":{"line":164,"column":2},"end":{"line":164,"column":null}},{"start":{"line":166,"column":4},"end":{"line":166,"column":null}},{"start":{"line":167,"column":4},"end":{"line":167,"column":null}}]},"13":{"loc":{"start":{"line":172,"column":4},"end":{"line":188,"column":null}},"type":"binary-expr","locations":[{"start":{"line":172,"column":4},"end":{"line":172,"column":null}},{"start":{"line":174,"column":6},"end":{"line":174,"column":null}},{"start":{"line":175,"column":6},"end":{"line":175,"column":null}},{"start":{"line":176,"column":6},"end":{"line":176,"column":null}},{"start":{"line":177,"column":6},"end":{"line":177,"column":null}},{"start":{"line":178,"column":6},"end":{"line":178,"column":null}},{"start":{"line":179,"column":6},"end":{"line":179,"column":null}},{"start":{"line":180,"column":6},"end":{"line":180,"column":null}},{"start":{"line":181,"column":6},"end":{"line":181,"column":null}},{"start":{"line":182,"column":6},"end":{"line":182,"column":null}},{"start":{"line":185,"column":4},"end":{"line":185,"column":null}},{"start":{"line":187,"column":6},"end":{"line":187,"column":null}},{"start":{"line":188,"column":6},"end":{"line":188,"column":null}}]},"14":{"loc":{"start":{"line":194,"column":4},"end":{"line":259,"column":null}},"type":"binary-expr","locations":[{"start":{"line":194,"column":4},"end":{"line":194,"column":null}},{"start":{"line":196,"column":6},"end":{"line":196,"column":null}},{"start":{"line":197,"column":6},"end":{"line":197,"column":null}},{"start":{"line":198,"column":6},"end":{"line":198,"column":null}},{"start":{"line":199,"column":6},"end":{"line":199,"column":null}},{"start":{"line":200,"column":6},"end":{"line":200,"column":null}},{"start":{"line":201,"column":6},"end":{"line":201,"column":null}},{"start":{"line":202,"column":6},"end":{"line":202,"column":null}},{"start":{"line":203,"column":6},"end":{"line":203,"column":null}},{"start":{"line":204,"column":6},"end":{"line":204,"column":null}},{"start":{"line":205,"column":6},"end":{"line":205,"column":null}},{"start":{"line":206,"column":6},"end":{"line":206,"column":null}},{"start":{"line":207,"column":6},"end":{"line":207,"column":null}},{"start":{"line":208,"column":6},"end":{"line":208,"column":null}},{"start":{"line":209,"column":6},"end":{"line":209,"column":null}},{"start":{"line":210,"column":6},"end":{"line":210,"column":null}},{"start":{"line":211,"column":6},"end":{"line":211,"column":null}},{"start":{"line":212,"column":6},"end":{"line":212,"column":null}},{"start":{"line":213,"column":6},"end":{"line":213,"column":null}},{"start":{"line":214,"column":6},"end":{"line":214,"column":null}},{"start":{"line":215,"column":6},"end":{"line":215,"column":null}},{"start":{"line":216,"column":6},"end":{"line":216,"column":null}},{"start":{"line":217,"column":6},"end":{"line":217,"column":null}},{"start":{"line":218,"column":6},"end":{"line":218,"column":null}},{"start":{"line":219,"column":6},"end":{"line":219,"column":null}},{"start":{"line":220,"column":6},"end":{"line":220,"column":null}},{"start":{"line":221,"column":6},"end":{"line":221,"column":null}},{"start":{"line":222,"column":6},"end":{"line":222,"column":null}},{"start":{"line":223,"column":6},"end":{"line":223,"column":null}},{"start":{"line":224,"column":6},"end":{"line":224,"column":null}},{"start":{"line":225,"column":6},"end":{"line":225,"column":null}},{"start":{"line":226,"column":6},"end":{"line":226,"column":null}},{"start":{"line":229,"column":4},"end":{"line":229,"column":null}},{"start":{"line":231,"column":6},"end":{"line":231,"column":null}},{"start":{"line":232,"column":6},"end":{"line":232,"column":null}},{"start":{"line":233,"column":6},"end":{"line":233,"column":null}},{"start":{"line":234,"column":6},"end":{"line":234,"column":null}},{"start":{"line":235,"column":6},"end":{"line":235,"column":null}},{"start":{"line":236,"column":6},"end":{"line":236,"column":null}},{"start":{"line":237,"column":6},"end":{"line":237,"column":null}},{"start":{"line":239,"column":4},"end":{"line":259,"column":null}}]},"15":{"loc":{"start":{"line":240,"column":6},"end":{"line":259,"column":null}},"type":"binary-expr","locations":[{"start":{"line":240,"column":6},"end":{"line":240,"column":null}},{"start":{"line":242,"column":8},"end":{"line":242,"column":null}},{"start":{"line":243,"column":8},"end":{"line":243,"column":null}},{"start":{"line":244,"column":8},"end":{"line":244,"column":null}},{"start":{"line":245,"column":8},"end":{"line":245,"column":null}},{"start":{"line":246,"column":8},"end":{"line":246,"column":null}},{"start":{"line":247,"column":8},"end":{"line":247,"column":null}},{"start":{"line":248,"column":8},"end":{"line":248,"column":null}},{"start":{"line":249,"column":8},"end":{"line":249,"column":null}},{"start":{"line":250,"column":8},"end":{"line":250,"column":null}},{"start":{"line":251,"column":8},"end":{"line":251,"column":null}},{"start":{"line":252,"column":8},"end":{"line":252,"column":null}},{"start":{"line":253,"column":8},"end":{"line":253,"column":null}},{"start":{"line":254,"column":8},"end":{"line":254,"column":null}},{"start":{"line":255,"column":8},"end":{"line":255,"column":null}},{"start":{"line":256,"column":8},"end":{"line":256,"column":null}},{"start":{"line":257,"column":8},"end":{"line":257,"column":null}},{"start":{"line":258,"column":8},"end":{"line":258,"column":null}},{"start":{"line":259,"column":8},"end":{"line":259,"column":null}}]},"16":{"loc":{"start":{"line":265,"column":2},"end":{"line":266,"column":null}},"type":"binary-expr","locations":[{"start":{"line":265,"column":2},"end":{"line":265,"column":null}},{"start":{"line":266,"column":2},"end":{"line":266,"column":null}}]},"17":{"loc":{"start":{"line":270,"column":4},"end":{"line":276,"column":null}},"type":"binary-expr","locations":[{"start":{"line":270,"column":4},"end":{"line":270,"column":null}},{"start":{"line":272,"column":6},"end":{"line":272,"column":null}},{"start":{"line":273,"column":6},"end":{"line":273,"column":null}},{"start":{"line":276,"column":4},"end":{"line":276,"column":null}}]},"18":{"loc":{"start":{"line":282,"column":6},"end":{"line":303,"column":null}},"type":"binary-expr","locations":[{"start":{"line":282,"column":6},"end":{"line":282,"column":null}},{"start":{"line":284,"column":8},"end":{"line":284,"column":null}},{"start":{"line":285,"column":8},"end":{"line":285,"column":null}},{"start":{"line":286,"column":8},"end":{"line":286,"column":null}},{"start":{"line":287,"column":8},"end":{"line":287,"column":null}},{"start":{"line":288,"column":8},"end":{"line":288,"column":null}},{"start":{"line":289,"column":8},"end":{"line":289,"column":null}},{"start":{"line":290,"column":8},"end":{"line":290,"column":null}},{"start":{"line":291,"column":8},"end":{"line":291,"column":null}},{"start":{"line":292,"column":8},"end":{"line":292,"column":null}},{"start":{"line":293,"column":8},"end":{"line":293,"column":null}},{"start":{"line":296,"column":6},"end":{"line":296,"column":null}},{"start":{"line":297,"column":8},"end":{"line":297,"column":null}},{"start":{"line":300,"column":6},"end":{"line":300,"column":null}},{"start":{"line":302,"column":8},"end":{"line":302,"column":null}},{"start":{"line":303,"column":8},"end":{"line":303,"column":null}}]},"19":{"loc":{"start":{"line":309,"column":2},"end":{"line":310,"column":null}},"type":"binary-expr","locations":[{"start":{"line":309,"column":2},"end":{"line":309,"column":null}},{"start":{"line":310,"column":2},"end":{"line":310,"column":null}}]},"20":{"loc":{"start":{"line":313,"column":2},"end":{"line":317,"column":null}},"type":"binary-expr","locations":[{"start":{"line":313,"column":2},"end":{"line":313,"column":null}},{"start":{"line":314,"column":2},"end":{"line":314,"column":null}},{"start":{"line":316,"column":2},"end":{"line":316,"column":null}},{"start":{"line":317,"column":2},"end":{"line":317,"column":null}}]},"21":{"loc":{"start":{"line":319,"column":18},"end":{"line":327,"column":null}},"type":"binary-expr","locations":[{"start":{"line":321,"column":4},"end":{"line":321,"column":null}},{"start":{"line":323,"column":6},"end":{"line":323,"column":null}},{"start":{"line":324,"column":6},"end":{"line":324,"column":null}},{"start":{"line":327,"column":2},"end":{"line":327,"column":null}}]},"22":{"loc":{"start":{"line":331,"column":4},"end":{"line":346,"column":null}},"type":"binary-expr","locations":[{"start":{"line":331,"column":4},"end":{"line":331,"column":null}},{"start":{"line":332,"column":4},"end":{"line":332,"column":null}},{"start":{"line":333,"column":4},"end":{"line":333,"column":null}},{"start":{"line":334,"column":4},"end":{"line":334,"column":null}},{"start":{"line":335,"column":4},"end":{"line":335,"column":null}},{"start":{"line":336,"column":4},"end":{"line":336,"column":null}},{"start":{"line":337,"column":4},"end":{"line":337,"column":null}},{"start":{"line":339,"column":6},"end":{"line":339,"column":null}},{"start":{"line":340,"column":6},"end":{"line":340,"column":null}},{"start":{"line":342,"column":4},"end":{"line":342,"column":null}},{"start":{"line":343,"column":4},"end":{"line":343,"column":null}},{"start":{"line":344,"column":4},"end":{"line":344,"column":null}},{"start":{"line":346,"column":4},"end":{"line":346,"column":null}}]},"23":{"loc":{"start":{"line":351,"column":4},"end":{"line":366,"column":null}},"type":"binary-expr","locations":[{"start":{"line":351,"column":4},"end":{"line":351,"column":null}},{"start":{"line":352,"column":4},"end":{"line":352,"column":null}},{"start":{"line":353,"column":4},"end":{"line":353,"column":null}},{"start":{"line":355,"column":6},"end":{"line":355,"column":null}},{"start":{"line":356,"column":6},"end":{"line":356,"column":null}},{"start":{"line":357,"column":6},"end":{"line":357,"column":null}},{"start":{"line":358,"column":6},"end":{"line":358,"column":null}},{"start":{"line":361,"column":6},"end":{"line":361,"column":null}},{"start":{"line":362,"column":6},"end":{"line":362,"column":null}},{"start":{"line":364,"column":4},"end":{"line":364,"column":null}},{"start":{"line":365,"column":4},"end":{"line":365,"column":null}},{"start":{"line":366,"column":4},"end":{"line":366,"column":null}}]},"24":{"loc":{"start":{"line":370,"column":2},"end":{"line":379,"column":null}},"type":"binary-expr","locations":[{"start":{"line":370,"column":2},"end":{"line":370,"column":null}},{"start":{"line":371,"column":2},"end":{"line":371,"column":null}},{"start":{"line":372,"column":2},"end":{"line":372,"column":null}},{"start":{"line":373,"column":2},"end":{"line":373,"column":null}},{"start":{"line":376,"column":6},"end":{"line":376,"column":null}},{"start":{"line":377,"column":6},"end":{"line":377,"column":null}},{"start":{"line":379,"column":4},"end":{"line":379,"column":null}}]},"25":{"loc":{"start":{"line":503,"column":6},"end":{"line":505,"column":null}},"type":"if","locations":[{"start":{"line":503,"column":6},"end":{"line":505,"column":null}}]}},"s":{"0":1,"1":0,"2":1,"3":0,"4":1,"5":0,"6":1,"7":0,"8":1,"9":0,"10":1,"11":0,"12":1,"13":0,"14":1,"15":0,"16":1,"17":0,"18":1,"19":0,"20":1,"21":0,"22":1,"23":0,"24":1,"25":0,"26":1,"27":0,"28":1,"29":0,"30":1,"31":0,"32":1,"33":0,"34":1,"35":0,"36":1,"37":0,"38":1,"39":0,"40":1,"41":0,"42":1,"43":0,"44":1,"45":0,"46":1,"47":1,"48":1,"49":38,"50":1,"51":0,"52":0,"53":0,"54":0,"55":0},"f":{"0":0,"1":0,"2":0,"3":0,"4":0,"5":0,"6":0,"7":0,"8":0,"9":0,"10":0,"11":0,"12":0,"13":0,"14":0,"15":0,"16":0,"17":0,"18":0,"19":0,"20":0,"21":0,"22":0,"23":38,"24":0},"b":{"0":[0,0,0,0],"1":[0,0,0,0,0,0,0,0,0,0],"2":[0,0,0,0,0,0,0,0,0],"3":[0,0,0,0,0,0],"4":[0,0,0,0,0],"5":[0,0,0],"6":[0,0],"7":[0,0],"8":[0,0,0,0,0,0,0,0,0,0,0,0,0,0,0,0,0,0],"9":[0,0,0,0,0,0,0,0,0,0,0,0,0,0,0,0,0,0,0,0,0,0],"10":[0,0,0],"11":[0,0,0,0,0,0,0,0,0,0,0,0,0,0,0,0,0],"12":[0,0,0,0,0,0,0],"13":[0,0,0,0,0,0,0,0,0,0,0,0,0],"14":[0,0,0,0,0,0,0,0,0,0,0,0,0,0,0,0,0,0,0,0,0,0,0,0,0,0,0,0,0,0,0,0,0,0,0,0,0,0,0,0,0],"15":[0,0,0,0,0,0,0,0,0,0,0,0,0,0,0,0,0,0,0],"16":[0,0],"17":[0,0,0,0],"18":[0,0,0,0,0,0,0,0,0,0,0,0,0,0,0,0],"19":[0,0],"20":[0,0,0,0],"21":[0,0,0,0],"22":[0,0,0,0,0,0,0,0,0,0,0,0,0],"23":[0,0,0,0,0,0,0,0,0,0,0,0],"24":[0,0,0,0,0,0,0],"25":[0]}}
,"C:/Users/jdipaolo/Documents/GitHub/rpg-tools-logistics-boy/src/module.json": {"path":"C:/Users/jdipaolo/Documents/GitHub/rpg-tools-logistics-boy/src/module.json","statementMap":{},"fnMap":{},"branchMap":{},"s":{},"f":{},"b":{}}
,"C:/Users/jdipaolo/Documents/GitHub/rpg-tools-logistics-boy/src/module.ts": {"path":"C:/Users/jdipaolo/Documents/GitHub/rpg-tools-logistics-boy/src/module.ts","statementMap":{"0":{"start":{"line":23,"column":0},"end":{"line":26,"column":null}},"1":{"start":{"line":24,"column":2},"end":{"line":24,"column":null}},"2":{"start":{"line":25,"column":2},"end":{"line":25,"column":null}},"3":{"start":{"line":28,"column":0},"end":{"line":31,"column":null}},"4":{"start":{"line":29,"column":2},"end":{"line":29,"column":null}},"5":{"start":{"line":30,"column":2},"end":{"line":30,"column":null}},"6":{"start":{"line":32,"column":0},"end":{"line":48,"column":null}},"7":{"start":{"line":33,"column":17},"end":{"line":38,"column":null}},"8":{"start":{"line":39,"column":2},"end":{"line":46,"column":null}},"9":{"start":{"line":40,"column":19},"end":{"line":40,"column":null}},"10":{"start":{"line":41,"column":4},"end":{"line":45,"column":null}},"11":{"start":{"line":42,"column":6},"end":{"line":44,"column":null}},"12":{"start":{"line":43,"column":8},"end":{"line":43,"column":null}},"13":{"start":{"line":47,"column":2},"end":{"line":47,"column":null}}},"fnMap":{"0":{"name":"(anonymous_0)","decl":{"start":{"line":23,"column":19},"end":{"line":23,"column":25}},"loc":{"start":{"line":23,"column":25},"end":{"line":26,"column":1}}},"1":{"name":"(anonymous_1)","decl":{"start":{"line":28,"column":20},"end":{"line":28,"column":32}},"loc":{"start":{"line":28,"column":32},"end":{"line":31,"column":1}}},"2":{"name":"(anonymous_2)","decl":{"start":{"line":32,"column":37},"end":{"line":32,"column":38}},"loc":{"start":{"line":32,"column":71},"end":{"line":48,"column":1}}},"3":{"name":"(anonymous_3)","decl":{"start":{"line":39,"column":21},"end":{"line":39,"column":27}},"loc":{"start":{"line":39,"column":27},"end":{"line":46,"column":3}}},"4":{"name":"(anonymous_4)","decl":{"start":{"line":42,"column":19},"end":{"line":42,"column":26}},"loc":{"start":{"line":42,"column":26},"end":{"line":44,"column":7}}}},"branchMap":{"0":{"loc":{"start":{"line":41,"column":4},"end":{"line":45,"column":null}},"type":"if","locations":[{"start":{"line":41,"column":4},"end":{"line":45,"column":null}}]}},"s":{"0":1,"1":1,"2":1,"3":1,"4":1,"5":1,"6":1,"7":1,"8":1,"9":0,"10":0,"11":0,"12":0,"13":1},"f":{"0":1,"1":1,"2":1,"3":0,"4":0},"b":{"0":[0]}}
,"C:/Users/jdipaolo/Documents/GitHub/rpg-tools-logistics-boy/src/vite-env.d.ts": {"path":"C:/Users/jdipaolo/Documents/GitHub/rpg-tools-logistics-boy/src/vite-env.d.ts","statementMap":{},"fnMap":{},"branchMap":{},"s":{},"f":{},"b":{}}
,"C:/Users/jdipaolo/Documents/GitHub/rpg-tools-logistics-boy/src/config/settings.ts": {"path":"C:/Users/jdipaolo/Documents/GitHub/rpg-tools-logistics-boy/src/config/settings.ts","statementMap":{"0":{"start":{"line":3,"column":25},"end":{"line":5,"column":null}},"1":{"start":{"line":4,"column":2},"end":{"line":4,"column":null}}},"fnMap":{"0":{"name":"(anonymous_0)","decl":{"start":{"line":3,"column":25},"end":{"line":3,"column":52}},"loc":{"start":{"line":3,"column":52},"end":{"line":5,"column":null}}}},"branchMap":{},"s":{"0":1,"1":1},"f":{"0":1},"b":{}}
,"C:/Users/jdipaolo/Documents/GitHub/rpg-tools-logistics-boy/src/config/sources.ts": {"path":"C:/Users/jdipaolo/Documents/GitHub/rpg-tools-logistics-boy/src/config/sources.ts","statementMap":{"0":{"start":{"line":1,"column":21},"end":{"line":11,"column":null}},"1":{"start":{"line":13,"column":25},"end":{"line":22,"column":null}},"2":{"start":{"line":14,"column":24},"end":{"line":14,"column":null}},"3":{"start":{"line":15,"column":2},"end":{"line":20,"column":null}},"4":{"start":{"line":16,"column":4},"end":{"line":18,"column":null}},"5":{"start":{"line":19,"column":4},"end":{"line":19,"column":null}},"6":{"start":{"line":21,"column":2},"end":{"line":21,"column":null}},"7":{"start":{"line":25,"column":29},"end":{"line":35,"column":null}},"8":{"start":{"line":26,"column":24},"end":{"line":26,"column":null}},"9":{"start":{"line":27,"column":20},"end":{"line":27,"column":null}},"10":{"start":{"line":28,"column":24},"end":{"line":31,"column":null}},"11":{"start":{"line":29,"column":18},"end":{"line":29,"column":null}},"12":{"start":{"line":30,"column":4},"end":{"line":30,"column":null}},"13":{"start":{"line":33,"column":2},"end":{"line":33,"column":null}},"14":{"start":{"line":33,"column":48},"end":{"line":33,"column":63}},"15":{"start":{"line":34,"column":2},"end":{"line":34,"column":null}}},"fnMap":{"0":{"name":"(anonymous_0)","decl":{"start":{"line":13,"column":25},"end":{"line":13,"column":53}},"loc":{"start":{"line":13,"column":53},"end":{"line":22,"column":null}}},"1":{"name":"(anonymous_1)","decl":{"start":{"line":25,"column":29},"end":{"line":25,"column":60}},"loc":{"start":{"line":25,"column":60},"end":{"line":35,"column":null}}},"2":{"name":"(anonymous_2)","decl":{"start":{"line":28,"column":46},"end":{"line":28,"column":51}},"loc":{"start":{"line":28,"column":51},"end":{"line":31,"column":3}}},"3":{"name":"(anonymous_3)","decl":{"start":{"line":33,"column":43},"end":{"line":33,"column":48}},"loc":{"start":{"line":33,"column":48},"end":{"line":33,"column":63}}}},"branchMap":{"0":{"loc":{"start":{"line":15,"column":2},"end":{"line":20,"column":null}},"type":"if","locations":[{"start":{"line":15,"column":2},"end":{"line":20,"column":null}}]}},"s":{"0":1,"1":1,"2":1,"3":1,"4":0,"5":0,"6":1,"7":1,"8":1,"9":1,"10":1,"11":3145,"12":3145,"13":1,"14":87,"15":1},"f":{"0":1,"1":1,"2":3145,"3":87},"b":{"0":[0]}}
,"C:/Users/jdipaolo/Documents/GitHub/rpg-tools-logistics-boy/src/interfaces/config-sources.ts": {"path":"C:/Users/jdipaolo/Documents/GitHub/rpg-tools-logistics-boy/src/interfaces/config-sources.ts","statementMap":{"0":{"start":{"line":9,"column":4},"end":{"line":17,"column":null}},"1":{"start":{"line":21,"column":4},"end":{"line":29,"column":null}},"2":{"start":{"line":22,"column":6},"end":{"line":28,"column":null}},"3":{"start":{"line":31,"column":4},"end":{"line":38,"column":null}},"4":{"start":{"line":42,"column":4},"end":{"line":52,"column":null}},"5":{"start":{"line":45,"column":10},"end":{"line":49,"column":null}},"6":{"start":{"line":56,"column":17},"end":{"line":56,"column":null}},"7":{"start":{"line":57,"column":4},"end":{"line":59,"column":null}},"8":{"start":{"line":58,"column":6},"end":{"line":58,"column":null}},"9":{"start":{"line":63,"column":4},"end":{"line":63,"column":null}},"10":{"start":{"line":64,"column":4},"end":{"line":71,"column":null}},"11":{"start":{"line":67,"column":8},"end":{"line":70,"column":null}},"12":{"start":{"line":69,"column":12},"end":{"line":69,"column":null}},"13":{"start":{"line":75,"column":4},"end":{"line":75,"column":null}},"14":{"start":{"line":76,"column":20},"end":{"line":78,"column":null}},"15":{"start":{"line":80,"column":19},"end":{"line":80,"column":null}},"16":{"start":{"line":81,"column":4},"end":{"line":91,"column":null}},"17":{"start":{"line":83,"column":8},"end":{"line":83,"column":null}},"18":{"start":{"line":84,"column":8},"end":{"line":84,"column":null}},"19":{"start":{"line":86,"column":8},"end":{"line":86,"column":null}},"20":{"start":{"line":87,"column":8},"end":{"line":87,"column":null}},"21":{"start":{"line":89,"column":8},"end":{"line":89,"column":null}},"22":{"start":{"line":90,"column":8},"end":{"line":90,"column":null}},"23":{"start":{"line":95,"column":19},"end":{"line":95,"column":null}},"24":{"start":{"line":96,"column":4},"end":{"line":98,"column":null}},"25":{"start":{"line":96,"column":37},"end":{"line":96,"column":70}},"26":{"start":{"line":97,"column":7},"end":{"line":97,"column":null}},"27":{"start":{"line":102,"column":19},"end":{"line":102,"column":null}},"28":{"start":{"line":103,"column":4},"end":{"line":106,"column":null}},"29":{"start":{"line":103,"column":37},"end":{"line":103,"column":70}},"30":{"start":{"line":104,"column":21},"end":{"line":104,"column":null}},"31":{"start":{"line":105,"column":6},"end":{"line":105,"column":null}},"32":{"start":{"line":110,"column":19},"end":{"line":110,"column":null}},"33":{"start":{"line":111,"column":4},"end":{"line":113,"column":null}},"34":{"start":{"line":111,"column":37},"end":{"line":111,"column":70}},"35":{"start":{"line":112,"column":7},"end":{"line":112,"column":null}}},"fnMap":{"0":{"name":"(anonymous_0)","decl":{"start":{"line":8,"column":2},"end":{"line":8,"column":22}},"loc":{"start":{"line":8,"column":64},"end":{"line":18,"column":null}}},"1":{"name":"(anonymous_1)","decl":{"start":{"line":20,"column":2},"end":{"line":20,"column":9}},"loc":{"start":{"line":20,"column":35},"end":{"line":39,"column":null}}},"2":{"name":"(anonymous_2)","decl":{"start":{"line":21,"column":24},"end":{"line":21,"column":34}},"loc":{"start":{"line":21,"column":34},"end":{"line":29,"column":5}}},"3":{"name":"(anonymous_3)","decl":{"start":{"line":41,"column":2},"end":{"line":41,"column":8}},"loc":{"start":{"line":41,"column":71},"end":{"line":53,"column":null}}},"4":{"name":"(anonymous_4)","decl":{"start":{"line":44,"column":33},"end":{"line":44,"column":43}},"loc":{"start":{"line":44,"column":43},"end":{"line":50,"column":9}}},"5":{"name":"(anonymous_5)","decl":{"start":{"line":55,"column":2},"end":{"line":55,"column":8}},"loc":{"start":{"line":55,"column":88},"end":{"line":60,"column":null}}},"6":{"name":"(anonymous_6)","decl":{"start":{"line":57,"column":38},"end":{"line":57,"column":45}},"loc":{"start":{"line":57,"column":56},"end":{"line":59,"column":5}}},"7":{"name":"(anonymous_7)","decl":{"start":{"line":62,"column":11},"end":{"line":62,"column":30}},"loc":{"start":{"line":62,"column":63},"end":{"line":72,"column":null}}},"8":{"name":"(anonymous_8)","decl":{"start":{"line":66,"column":19},"end":{"line":66,"column":20}},"loc":{"start":{"line":66,"column":53},"end":{"line":71,"column":7}}},"9":{"name":"(anonymous_9)","decl":{"start":{"line":68,"column":17},"end":{"line":68,"column":24}},"loc":{"start":{"line":68,"column":24},"end":{"line":70,"column":11}}},"10":{"name":"(anonymous_10)","decl":{"start":{"line":74,"column":2},"end":{"line":74,"column":16}},"loc":{"start":{"line":74,"column":81},"end":{"line":92,"column":null}}},"11":{"name":"(anonymous_11)","decl":{"start":{"line":94,"column":2},"end":{"line":94,"column":16}},"loc":{"start":{"line":94,"column":45},"end":{"line":99,"column":null}}},"12":{"name":"(anonymous_12)","decl":{"start":{"line":96,"column":28},"end":{"line":96,"column":37}},"loc":{"start":{"line":96,"column":37},"end":{"line":96,"column":70}}},"13":{"name":"(anonymous_13)","decl":{"start":{"line":96,"column":80},"end":{"line":96,"column":89}},"loc":{"start":{"line":96,"column":89},"end":{"line":98,"column":5}}},"14":{"name":"(anonymous_14)","decl":{"start":{"line":101,"column":2},"end":{"line":101,"column":16}},"loc":{"start":{"line":101,"column":49},"end":{"line":107,"column":null}}},"15":{"name":"(anonymous_15)","decl":{"start":{"line":103,"column":28},"end":{"line":103,"column":37}},"loc":{"start":{"line":103,"column":37},"end":{"line":103,"column":70}}},"16":{"name":"(anonymous_16)","decl":{"start":{"line":103,"column":80},"end":{"line":103,"column":85}},"loc":{"start":{"line":103,"column":85},"end":{"line":106,"column":5}}},"17":{"name":"(anonymous_17)","decl":{"start":{"line":109,"column":2},"end":{"line":109,"column":16}},"loc":{"start":{"line":109,"column":46},"end":{"line":114,"column":null}}},"18":{"name":"(anonymous_18)","decl":{"start":{"line":111,"column":28},"end":{"line":111,"column":37}},"loc":{"start":{"line":111,"column":37},"end":{"line":111,"column":70}}},"19":{"name":"(anonymous_19)","decl":{"start":{"line":111,"column":80},"end":{"line":111,"column":89}},"loc":{"start":{"line":111,"column":89},"end":{"line":113,"column":5}}}},"branchMap":{"0":{"loc":{"start":{"line":76,"column":20},"end":{"line":78,"column":null}},"type":"cond-expr","locations":[{"start":{"line":77,"column":8},"end":{"line":77,"column":null}},{"start":{"line":78,"column":8},"end":{"line":78,"column":null}}]},"1":{"loc":{"start":{"line":81,"column":4},"end":{"line":91,"column":null}},"type":"switch","locations":[{"start":{"line":82,"column":6},"end":{"line":84,"column":null}},{"start":{"line":85,"column":6},"end":{"line":87,"column":null}},{"start":{"line":88,"column":6},"end":{"line":90,"column":null}}]}},"s":{"0":3,"1":1,"2":87,"3":1,"4":1,"5":87,"6":0,"7":0,"8":0,"9":1,"10":1,"11":0,"12":0,"13":0,"14":0,"15":0,"16":0,"17":0,"18":0,"19":0,"20":0,"21":0,"22":0,"23":0,"24":0,"25":0,"26":0,"27":0,"28":0,"29":0,"30":0,"31":0,"32":0,"33":0,"34":0,"35":0},"f":{"0":3,"1":1,"2":87,"3":1,"4":87,"5":0,"6":0,"7":1,"8":0,"9":0,"10":0,"11":0,"12":0,"13":0,"14":0,"15":0,"16":0,"17":0,"18":0,"19":0},"b":{"0":[0,0],"1":[0,0,0]}}
,"C:/Users/jdipaolo/Documents/GitHub/rpg-tools-logistics-boy/src/macros/logistics-boy.js": {"path":"C:/Users/jdipaolo/Documents/GitHub/rpg-tools-logistics-boy/src/macros/logistics-boy.js","statementMap":{},"fnMap":{},"branchMap":{},"s":{},"f":{},"b":{}}
,"C:/Users/jdipaolo/Documents/GitHub/rpg-tools-logistics-boy/src/macros/loot-boy.js": {"path":"C:/Users/jdipaolo/Documents/GitHub/rpg-tools-logistics-boy/src/macros/loot-boy.js","statementMap":{},"fnMap":{},"branchMap":{},"s":{},"f":{},"b":{}}
,"C:/Users/jdipaolo/Documents/GitHub/rpg-tools-logistics-boy/src/macros/stock-boy.js": {"path":"C:/Users/jdipaolo/Documents/GitHub/rpg-tools-logistics-boy/src/macros/stock-boy.js","statementMap":{},"fnMap":{},"branchMap":{},"s":{},"f":{},"b":{}}
,"C:/Users/jdipaolo/Documents/GitHub/rpg-tools-logistics-boy/src/styles/common.css": {"path":"C:/Users/jdipaolo/Documents/GitHub/rpg-tools-logistics-boy/src/styles/common.css","statementMap":{},"fnMap":{},"branchMap":{},"s":{},"f":{},"b":{}}
,"C:/Users/jdipaolo/Documents/GitHub/rpg-tools-logistics-boy/src/styles/config-sources.css": {"path":"C:/Users/jdipaolo/Documents/GitHub/rpg-tools-logistics-boy/src/styles/config-sources.css","statementMap":{},"fnMap":{},"branchMap":{},"s":{},"f":{},"b":{}}
,"C:/Users/jdipaolo/Documents/GitHub/rpg-tools-logistics-boy/src/styles/interface-button.css": {"path":"C:/Users/jdipaolo/Documents/GitHub/rpg-tools-logistics-boy/src/styles/interface-button.css","statementMap":{},"fnMap":{},"branchMap":{},"s":{},"f":{},"b":{}}
,"C:/Users/jdipaolo/Documents/GitHub/rpg-tools-logistics-boy/src/styles/interface.css": {"path":"C:/Users/jdipaolo/Documents/GitHub/rpg-tools-logistics-boy/src/styles/interface.css","statementMap":{},"fnMap":{},"branchMap":{},"s":{},"f":{},"b":{}}
,"C:/Users/jdipaolo/Documents/GitHub/rpg-tools-logistics-boy/src/templates/rt-log-boy-config-sources.hbs": {"path":"C:/Users/jdipaolo/Documents/GitHub/rpg-tools-logistics-boy/src/templates/rt-log-boy-config-sources.hbs","statementMap":{},"fnMap":{},"branchMap":{},"s":{},"f":{},"b":{}}
,"C:/Users/jdipaolo/Documents/GitHub/rpg-tools-logistics-boy/src/templates/rt-log-boy-interface.hbs": {"path":"C:/Users/jdipaolo/Documents/GitHub/rpg-tools-logistics-boy/src/templates/rt-log-boy-interface.hbs","statementMap":{},"fnMap":{},"branchMap":{},"s":{},"f":{},"b":{}}
,"C:/Users/jdipaolo/Documents/GitHub/rpg-tools-logistics-boy/src/types/foundry/index.d.ts": {"path":"C:/Users/jdipaolo/Documents/GitHub/rpg-tools-logistics-boy/src/types/foundry/index.d.ts","statementMap":{},"fnMap":{},"branchMap":{},"s":{},"f":{},"b":{}}
,"C:/Users/jdipaolo/Documents/GitHub/rpg-tools-logistics-boy/src/types/foundry/util.d.ts": {"path":"C:/Users/jdipaolo/Documents/GitHub/rpg-tools-logistics-boy/src/types/foundry/util.d.ts","statementMap":{},"fnMap":{},"branchMap":{},"s":{},"f":{},"b":{}}
,"C:/Users/jdipaolo/Documents/GitHub/rpg-tools-logistics-boy/src/types/foundry/client/config.d.ts": {"path":"C:/Users/jdipaolo/Documents/GitHub/rpg-tools-logistics-boy/src/types/foundry/client/config.d.ts","statementMap":{},"fnMap":{},"branchMap":{},"s":{},"f":{},"b":{}}
,"C:/Users/jdipaolo/Documents/GitHub/rpg-tools-logistics-boy/src/types/foundry/client/game.d.ts": {"path":"C:/Users/jdipaolo/Documents/GitHub/rpg-tools-logistics-boy/src/types/foundry/client/game.d.ts","statementMap":{},"fnMap":{},"branchMap":{},"s":{},"f":{},"b":{}}
,"C:/Users/jdipaolo/Documents/GitHub/rpg-tools-logistics-boy/src/types/foundry/client/misc.d.ts": {"path":"C:/Users/jdipaolo/Documents/GitHub/rpg-tools-logistics-boy/src/types/foundry/client/misc.d.ts","statementMap":{},"fnMap":{},"branchMap":{},"s":{},"f":{},"b":{}}
[...]
,"C:/Users/jdipaolo/Documents/GitHub/rpg-tools-logistics-boy/src/types/foundry/common/data/data/combatant-data.d.ts": {"path":"C:/Users/jdipaolo/Documents/GitHub/rpg-tools-logistics-boy/src/types/foundry/common/data/data/combatant-data.d.ts","statementMap":{},"fnMap":{},"branchMap":{},"s":{},"f":{},"b":{}}
,"C:/Users/jdipaolo/Documents/GitHub/rpg-tools-logistics-boy/src/types/foundry/common/data/data/darkness-activation.d.ts": {"path":"C:/Users/jdipaolo/Documents/GitHub/rpg-tools-logistics-boy/src/types/foundry/common/data/data/darkness-activation.d.ts","statementMap":{},"fnMap":{},"branchMap":{},"s":{},"f":{},"b":{}}
,"C:/Users/jdipaolo/Documents/GitHub/rpg-tools-logistics-boy/src/types/foundry/common/data/data/drawing-data.d.ts": {"path":"C:/Users/jdipaolo/Documents/GitHub/rpg-tools-logistics-boy/src/types/foundry/common/data/data/drawing-data.d.ts","statementMap":{},"fnMap":{},"branchMap":{},"s":{},"f":{},"b":{}}
,"C:/Users/jdipaolo/Documents/GitHub/rpg-tools-logistics-boy/src/types/foundry/common/data/data/effect-change-data.d.ts": {"path":"C:/Users/jdipaolo/Documents/GitHub/rpg-tools-logistics-boy/src/types/foundry/common/data/data/effect-change-data.d.ts","statementMap":{},"fnMap":{},"branchMap":{},"s":{},"f":{},"b":{}}
,"C:/Users/jdipaolo/Documents/GitHub/rpg-tools-logistics-boy/src/types/foundry/common/data/data/effect-duration-data.d.ts": {"path":"C:/Users/jdipaolo/Documents/GitHub/rpg-tools-logistics-boy/src/types/foundry/common/data/data/effect-duration-data.d.ts","statementMap":{},"fnMap":{},"branchMap":{},"s":{},"f":{},"b":{}}
,"C:/Users/jdipaolo/Documents/GitHub/rpg-tools-logistics-boy/src/types/foundry/common/data/data/fog-exploration-data.d.ts": {"path":"C:/Users/jdipaolo/Documents/GitHub/rpg-tools-logistics-boy/src/types/foundry/common/data/data/fog-exploration-data.d.ts","statementMap":{},"fnMap":{},"branchMap":{},"s":{},"f":{},"b":{}}
,"C:/Users/jdipaolo/Documents/GitHub/rpg-tools-logistics-boy/src/types/foundry/common/data/data/folder-data.d.ts": {"path":"C:/Users/jdipaolo/Documents/GitHub/rpg-tools-logistics-boy/src/types/foundry/common/data/data/folder-data.d.ts","statementMap":{},"fnMap":{},"branchMap":{},"s":{},"f":{},"b":{}}
,"C:/Users/jdipaolo/Documents/GitHub/rpg-tools-logistics-boy/src/types/foundry/common/data/data/index.d.ts": {"path":"C:/Users/jdipaolo/Documents/GitHub/rpg-tools-logistics-boy/src/types/foundry/common/data/data/index.d.ts","statementMap":{},"fnMap":{},"branchMap":{},"s":{},"f":{},"b":{}}
,"C:/Users/jdipaolo/Documents/GitHub/rpg-tools-logistics-boy/src/types/foundry/common/data/data/item-data.d.ts": {"path":"C:/Users/jdipaolo/Documents/GitHub/rpg-tools-logistics-boy/src/types/foundry/common/data/data/item-data.d.ts","statementMap":{},"fnMap":{},"branchMap":{},"s":{},"f":{},"b":{}}
,"C:/Users/jdipaolo/Documents/GitHub/rpg-tools-logistics-boy/src/types/foundry/common/data/data/journal-entry-data.d.ts": {"path":"C:/Users/jdipaolo/Documents/GitHub/rpg-tools-logistics-boy/src/types/foundry/common/data/data/journal-entry-data.d.ts","statementMap":{},"fnMap":{},"branchMap":{},"s":{},"f":{},"b":{}}
,"C:/Users/jdipaolo/Documents/GitHub/rpg-tools-logistics-boy/src/types/foundry/common/data/data/journal-entry-page-data.d.ts": {"path":"C:/Users/jdipaolo/Documents/GitHub/rpg-tools-logistics-boy/src/types/foundry/common/data/data/journal-entry-page-data.d.ts","statementMap":{},"fnMap":{},"branchMap":{},"s":{},"f":{},"b":{}}
,"C:/Users/jdipaolo/Documents/GitHub/rpg-tools-logistics-boy/src/types/foundry/common/data/data/light-data.d.ts": {"path":"C:/Users/jdipaolo/Documents/GitHub/rpg-tools-logistics-boy/src/types/foundry/common/data/data/light-data.d.ts","statementMap":{},"fnMap":{},"branchMap":{},"s":{},"f":{},"b":{}}
,"C:/Users/jdipaolo/Documents/GitHub/rpg-tools-logistics-boy/src/types/foundry/common/data/data/macro-data.d.ts": {"path":"C:/Users/jdipaolo/Documents/GitHub/rpg-tools-logistics-boy/src/types/foundry/common/data/data/macro-data.d.ts","statementMap":{},"fnMap":{},"branchMap":{},"s":{},"f":{},"b":{}}
,"C:/Users/jdipaolo/Documents/GitHub/rpg-tools-logistics-boy/src/types/foundry/common/data/data/measured-template-data.d.ts": {"path":"C:/Users/jdipaolo/Documents/GitHub/rpg-tools-logistics-boy/src/types/foundry/common/data/data/measured-template-data.d.ts","statementMap":{},"fnMap":{},"branchMap":{},"s":{},"f":{},"b":{}}
,"C:/Users/jdipaolo/Documents/GitHub/rpg-tools-logistics-boy/src/types/foundry/common/data/data/note-data.d.ts": {"path":"C:/Users/jdipaolo/Documents/GitHub/rpg-tools-logistics-boy/src/types/foundry/common/data/data/note-data.d.ts","statementMap":{},"fnMap":{},"branchMap":{},"s":{},"f":{},"b":{}}
,"C:/Users/jdipaolo/Documents/GitHub/rpg-tools-logistics-boy/src/types/foundry/common/data/data/playlist-data.d.ts": {"path":"C:/Users/jdipaolo/Documents/GitHub/rpg-tools-logistics-boy/src/types/foundry/common/data/data/playlist-data.d.ts","statementMap":{},"fnMap":{},"branchMap":{},"s":{},"f":{},"b":{}}
,"C:/Users/jdipaolo/Documents/GitHub/rpg-tools-logistics-boy/src/types/foundry/common/data/data/playlist-sound-data.d.ts": {"path":"C:/Users/jdipaolo/Documents/GitHub/rpg-tools-logistics-boy/src/types/foundry/common/data/data/playlist-sound-data.d.ts","statementMap":{},"fnMap":{},"branchMap":{},"s":{},"f":{},"b":{}}
,"C:/Users/jdipaolo/Documents/GitHub/rpg-tools-logistics-boy/src/types/foundry/common/data/data/prototype-token-data.d.ts": {"path":"C:/Users/jdipaolo/Documents/GitHub/rpg-tools-logistics-boy/src/types/foundry/common/data/data/prototype-token-data.d.ts","statementMap":{},"fnMap":{},"branchMap":{},"s":{},"f":{},"b":{}}
,"C:/Users/jdipaolo/Documents/GitHub/rpg-tools-logistics-boy/src/types/foundry/common/data/data/roll-table-data.d.ts": {"path":"C:/Users/jdipaolo/Documents/GitHub/rpg-tools-logistics-boy/src/types/foundry/common/data/data/roll-table-data.d.ts","statementMap":{},"fnMap":{},"branchMap":{},"s":{},"f":{},"b":{}}
,"C:/Users/jdipaolo/Documents/GitHub/rpg-tools-logistics-boy/src/types/foundry/common/data/data/scene-data.d.ts": {"path":"C:/Users/jdipaolo/Documents/GitHub/rpg-tools-logistics-boy/src/types/foundry/common/data/data/scene-data.d.ts","statementMap":{},"fnMap":{},"branchMap":{},"s":{},"f":{},"b":{}}
,"C:/Users/jdipaolo/Documents/GitHub/rpg-tools-logistics-boy/src/types/foundry/common/data/data/table-result-data.d.ts": {"path":"C:/Users/jdipaolo/Documents/GitHub/rpg-tools-logistics-boy/src/types/foundry/common/data/data/table-result-data.d.ts","statementMap":{},"fnMap":{},"branchMap":{},"s":{},"f":{},"b":{}}
,"C:/Users/jdipaolo/Documents/GitHub/rpg-tools-logistics-boy/src/types/foundry/common/data/data/tile-data.d.ts": {"path":"C:/Users/jdipaolo/Documents/GitHub/rpg-tools-logistics-boy/src/types/foundry/common/data/data/tile-data.d.ts","statementMap":{},"fnMap":{},"branchMap":{},"s":{},"f":{},"b":{}}
,"C:/Users/jdipaolo/Documents/GitHub/rpg-tools-logistics-boy/src/types/foundry/common/data/data/tile-occlusion.d.ts": {"path":"C:/Users/jdipaolo/Documents/GitHub/rpg-tools-logistics-boy/src/types/foundry/common/data/data/tile-occlusion.d.ts","statementMap":{},"fnMap":{},"branchMap":{},"s":{},"f":{},"b":{}}
,"C:/Users/jdipaolo/Documents/GitHub/rpg-tools-logistics-boy/src/types/foundry/common/data/data/token-bar-data.d.ts": {"path":"C:/Users/jdipaolo/Documents/GitHub/rpg-tools-logistics-boy/src/types/foundry/common/data/data/token-bar-data.d.ts","statementMap":{},"fnMap":{},"branchMap":{},"s":{},"f":{},"b":{}}
,"C:/Users/jdipaolo/Documents/GitHub/rpg-tools-logistics-boy/src/types/foundry/common/data/data/token-data.d.ts": {"path":"C:/Users/jdipaolo/Documents/GitHub/rpg-tools-logistics-boy/src/types/foundry/common/data/data/token-data.d.ts","statementMap":{},"fnMap":{},"branchMap":{},"s":{},"f":{},"b":{}}
,"C:/Users/jdipaolo/Documents/GitHub/rpg-tools-logistics-boy/src/types/foundry/common/data/data/user-data.d.ts": {"path":"C:/Users/jdipaolo/Documents/GitHub/rpg-tools-logistics-boy/src/types/foundry/common/data/data/user-data.d.ts","statementMap":{},"fnMap":{},"branchMap":{},"s":{},"f":{},"b":{}}
,"C:/Users/jdipaolo/Documents/GitHub/rpg-tools-logistics-boy/src/types/foundry/common/data/data/video-data.d.ts": {"path":"C:/Users/jdipaolo/Documents/GitHub/rpg-tools-logistics-boy/src/types/foundry/common/data/data/video-data.d.ts","statementMap":{},"fnMap":{},"branchMap":{},"s":{},"f":{},"b":{}}
,"C:/Users/jdipaolo/Documents/GitHub/rpg-tools-logistics-boy/src/types/foundry/common/data/data/wall-data.d.ts": {"path":"C:/Users/jdipaolo/Documents/GitHub/rpg-tools-logistics-boy/src/types/foundry/common/data/data/wall-data.d.ts","statementMap":{},"fnMap":{},"branchMap":{},"s":{},"f":{},"b":{}}
,"C:/Users/jdipaolo/Documents/GitHub/rpg-tools-logistics-boy/src/types/foundry/common/documents/actor.d.ts": {"path":"C:/Users/jdipaolo/Documents/GitHub/rpg-tools-logistics-boy/src/types/foundry/common/documents/actor.d.ts","statementMap":{},"fnMap":{},"branchMap":{},"s":{},"f":{},"b":{}}
,"C:/Users/jdipaolo/Documents/GitHub/rpg-tools-logistics-boy/src/types/foundry/common/documents/ambient-light.d.ts": {"path":"C:/Users/jdipaolo/Documents/GitHub/rpg-tools-logistics-boy/src/types/foundry/common/documents/ambient-light.d.ts","statementMap":{},"fnMap":{},"branchMap":{},"s":{},"f":{},"b":{}}
,"C:/Users/jdipaolo/Documents/GitHub/rpg-tools-logistics-boy/src/types/foundry/common/documents/ambient-sound.d.ts": {"path":"C:/Users/jdipaolo/Documents/GitHub/rpg-tools-logistics-boy/src/types/foundry/common/documents/ambient-sound.d.ts","statementMap":{},"fnMap":{},"branchMap":{},"s":{},"f":{},"b":{}}
,"C:/Users/jdipaolo/Documents/GitHub/rpg-tools-logistics-boy/src/types/foundry/common/documents/base-active-effect.d.ts": {"path":"C:/Users/jdipaolo/Documents/GitHub/rpg-tools-logistics-boy/src/types/foundry/common/documents/base-active-effect.d.ts","statementMap":{},"fnMap":{},"branchMap":{},"s":{},"f":{},"b":{}}
,"C:/Users/jdipaolo/Documents/GitHub/rpg-tools-logistics-boy/src/types/foundry/common/documents/base-cards.d.ts": {"path":"C:/Users/jdipaolo/Documents/GitHub/rpg-tools-logistics-boy/src/types/foundry/common/documents/base-cards.d.ts","statementMap":{},"fnMap":{},"branchMap":{},"s":{},"f":{},"b":{}}
,"C:/Users/jdipaolo/Documents/GitHub/rpg-tools-logistics-boy/src/types/foundry/common/documents/base-drawing.d.ts": {"path":"C:/Users/jdipaolo/Documents/GitHub/rpg-tools-logistics-boy/src/types/foundry/common/documents/base-drawing.d.ts","statementMap":{},"fnMap":{},"branchMap":{},"s":{},"f":{},"b":{}}
,"C:/Users/jdipaolo/Documents/GitHub/rpg-tools-logistics-boy/src/types/foundry/common/documents/base-fog-exploration.d.ts": {"path":"C:/Users/jdipaolo/Documents/GitHub/rpg-tools-logistics-boy/src/types/foundry/common/documents/base-fog-exploration.d.ts","statementMap":{},"fnMap":{},"branchMap":{},"s":{},"f":{},"b":{}}
,"C:/Users/jdipaolo/Documents/GitHub/rpg-tools-logistics-boy/src/types/foundry/common/documents/base-folder.d.ts": {"path":"C:/Users/jdipaolo/Documents/GitHub/rpg-tools-logistics-boy/src/types/foundry/common/documents/base-folder.d.ts","statementMap":{},"fnMap":{},"branchMap":{},"s":{},"f":{},"b":{}}
,"C:/Users/jdipaolo/Documents/GitHub/rpg-tools-logistics-boy/src/types/foundry/common/documents/base-journal-entry-page.d.ts": {"path":"C:/Users/jdipaolo/Documents/GitHub/rpg-tools-logistics-boy/src/types/foundry/common/documents/base-journal-entry-page.d.ts","statementMap":{},"fnMap":{},"branchMap":{},"s":{},"f":{},"b":{}}
,"C:/Users/jdipaolo/Documents/GitHub/rpg-tools-logistics-boy/src/types/foundry/common/documents/base-journal-entry.d.ts": {"path":"C:/Users/jdipaolo/Documents/GitHub/rpg-tools-logistics-boy/src/types/foundry/common/documents/base-journal-entry.d.ts","statementMap":{},"fnMap":{},"branchMap":{},"s":{},"f":{},"b":{}}
,"C:/Users/jdipaolo/Documents/GitHub/rpg-tools-logistics-boy/src/types/foundry/common/documents/base-macro.d.ts": {"path":"C:/Users/jdipaolo/Documents/GitHub/rpg-tools-logistics-boy/src/types/foundry/common/documents/base-macro.d.ts","statementMap":{},"fnMap":{},"branchMap":{},"s":{},"f":{},"b":{}}
,"C:/Users/jdipaolo/Documents/GitHub/rpg-tools-logistics-boy/src/types/foundry/common/documents/base-note.d.ts": {"path":"C:/Users/jdipaolo/Documents/GitHub/rpg-tools-logistics-boy/src/types/foundry/common/documents/base-note.d.ts","statementMap":{},"fnMap":{},"branchMap":{},"s":{},"f":{},"b":{}}
,"C:/Users/jdipaolo/Documents/GitHub/rpg-tools-logistics-boy/src/types/foundry/common/documents/base-playlist-sound.d.ts": {"path":"C:/Users/jdipaolo/Documents/GitHub/rpg-tools-logistics-boy/src/types/foundry/common/documents/base-playlist-sound.d.ts","statementMap":{},"fnMap":{},"branchMap":{},"s":{},"f":{},"b":{}}
,"C:/Users/jdipaolo/Documents/GitHub/rpg-tools-logistics-boy/src/types/foundry/common/documents/base-playlist.d.ts": {"path":"C:/Users/jdipaolo/Documents/GitHub/rpg-tools-logistics-boy/src/types/foundry/common/documents/base-playlist.d.ts","statementMap":{},"fnMap":{},"branchMap":{},"s":{},"f":{},"b":{}}
,"C:/Users/jdipaolo/Documents/GitHub/rpg-tools-logistics-boy/src/types/foundry/common/documents/base-roll-table.d.ts": {"path":"C:/Users/jdipaolo/Documents/GitHub/rpg-tools-logistics-boy/src/types/foundry/common/documents/base-roll-table.d.ts","statementMap":{},"fnMap":{},"branchMap":{},"s":{},"f":{},"b":{}}
,"C:/Users/jdipaolo/Documents/GitHub/rpg-tools-logistics-boy/src/types/foundry/common/documents/base-table-result.d.ts": {"path":"C:/Users/jdipaolo/Documents/GitHub/rpg-tools-logistics-boy/src/types/foundry/common/documents/base-table-result.d.ts","statementMap":{},"fnMap":{},"branchMap":{},"s":{},"f":{},"b":{}}
,"C:/Users/jdipaolo/Documents/GitHub/rpg-tools-logistics-boy/src/types/foundry/common/documents/base-tile.d.ts": {"path":"C:/Users/jdipaolo/Documents/GitHub/rpg-tools-logistics-boy/src/types/foundry/common/documents/base-tile.d.ts","statementMap":{},"fnMap":{},"branchMap":{},"s":{},"f":{},"b":{}}
,"C:/Users/jdipaolo/Documents/GitHub/rpg-tools-logistics-boy/src/types/foundry/common/documents/base-wall.d.ts": {"path":"C:/Users/jdipaolo/Documents/GitHub/rpg-tools-logistics-boy/src/types/foundry/common/documents/base-wall.d.ts","statementMap":{},"fnMap":{},"branchMap":{},"s":{},"f":{},"b":{}}
,"C:/Users/jdipaolo/Documents/GitHub/rpg-tools-logistics-boy/src/types/foundry/common/documents/chat-message.d.ts": {"path":"C:/Users/jdipaolo/Documents/GitHub/rpg-tools-logistics-boy/src/types/foundry/common/documents/chat-message.d.ts","statementMap":{},"fnMap":{},"branchMap":{},"s":{},"f":{},"b":{}}
,"C:/Users/jdipaolo/Documents/GitHub/rpg-tools-logistics-boy/src/types/foundry/common/documents/combat.d.ts": {"path":"C:/Users/jdipaolo/Documents/GitHub/rpg-tools-logistics-boy/src/types/foundry/common/documents/combat.d.ts","statementMap":{},"fnMap":{},"branchMap":{},"s":{},"f":{},"b":{}}
,"C:/Users/jdipaolo/Documents/GitHub/rpg-tools-logistics-boy/src/types/foundry/common/documents/combatant.d.ts": {"path":"C:/Users/jdipaolo/Documents/GitHub/rpg-tools-logistics-boy/src/types/foundry/common/documents/combatant.d.ts","statementMap":{},"fnMap":{},"branchMap":{},"s":{},"f":{},"b":{}}
,"C:/Users/jdipaolo/Documents/GitHub/rpg-tools-logistics-boy/src/types/foundry/common/documents/index.d.ts": {"path":"C:/Users/jdipaolo/Documents/GitHub/rpg-tools-logistics-boy/src/types/foundry/common/documents/index.d.ts","statementMap":{},"fnMap":{},"branchMap":{},"s":{},"f":{},"b":{}}
,"C:/Users/jdipaolo/Documents/GitHub/rpg-tools-logistics-boy/src/types/foundry/common/documents/item.d.ts": {"path":"C:/Users/jdipaolo/Documents/GitHub/rpg-tools-logistics-boy/src/types/foundry/common/documents/item.d.ts","statementMap":{},"fnMap":{},"branchMap":{},"s":{},"f":{},"b":{}}
,"C:/Users/jdipaolo/Documents/GitHub/rpg-tools-logistics-boy/src/types/foundry/common/documents/measured-template.d.ts": {"path":"C:/Users/jdipaolo/Documents/GitHub/rpg-tools-logistics-boy/src/types/foundry/common/documents/measured-template.d.ts","statementMap":{},"fnMap":{},"branchMap":{},"s":{},"f":{},"b":{}}
,"C:/Users/jdipaolo/Documents/GitHub/rpg-tools-logistics-boy/src/types/foundry/common/documents/scene.d.ts": {"path":"C:/Users/jdipaolo/Documents/GitHub/rpg-tools-logistics-boy/src/types/foundry/common/documents/scene.d.ts","statementMap":{},"fnMap":{},"branchMap":{},"s":{},"f":{},"b":{}}
,"C:/Users/jdipaolo/Documents/GitHub/rpg-tools-logistics-boy/src/types/foundry/common/documents/token.d.ts": {"path":"C:/Users/jdipaolo/Documents/GitHub/rpg-tools-logistics-boy/src/types/foundry/common/documents/token.d.ts","statementMap":{},"fnMap":{},"branchMap":{},"s":{},"f":{},"b":{}}
,"C:/Users/jdipaolo/Documents/GitHub/rpg-tools-logistics-boy/src/types/foundry/common/documents/user.d.ts": {"path":"C:/Users/jdipaolo/Documents/GitHub/rpg-tools-logistics-boy/src/types/foundry/common/documents/user.d.ts","statementMap":{},"fnMap":{},"branchMap":{},"s":{},"f":{},"b":{}}
,"C:/Users/jdipaolo/Documents/GitHub/rpg-tools-logistics-boy/src/types/foundry/common/utils/collection.d.mts": {"path":"C:/Users/jdipaolo/Documents/GitHub/rpg-tools-logistics-boy/src/types/foundry/common/utils/collection.d.mts","statementMap":{},"fnMap":{},"branchMap":{},"s":{},"f":{},"b":{}}
,"C:/Users/jdipaolo/Documents/GitHub/rpg-tools-logistics-boy/src/types/foundry/common/utils/collection.d.ts": {"path":"C:/Users/jdipaolo/Documents/GitHub/rpg-tools-logistics-boy/src/types/foundry/common/utils/collection.d.ts","statementMap":{},"fnMap":{},"branchMap":{},"s":{},"f":{},"b":{}}
,"C:/Users/jdipaolo/Documents/GitHub/rpg-tools-logistics-boy/src/types/foundry/common/utils/color.d.mts": {"path":"C:/Users/jdipaolo/Documents/GitHub/rpg-tools-logistics-boy/src/types/foundry/common/utils/color.d.mts","statementMap":{},"fnMap":{},"branchMap":{},"s":{},"f":{},"b":{}}
,"C:/Users/jdipaolo/Documents/GitHub/rpg-tools-logistics-boy/src/types/foundry/common/utils/color.d.ts": {"path":"C:/Users/jdipaolo/Documents/GitHub/rpg-tools-logistics-boy/src/types/foundry/common/utils/color.d.ts","statementMap":{},"fnMap":{},"branchMap":{},"s":{},"f":{},"b":{}}
,"C:/Users/jdipaolo/Documents/GitHub/rpg-tools-logistics-boy/src/types/foundry/common/utils/geometry.d.mts": {"path":"C:/Users/jdipaolo/Documents/GitHub/rpg-tools-logistics-boy/src/types/foundry/common/utils/geometry.d.mts","statementMap":{},"fnMap":{},"branchMap":{},"s":{},"f":{},"b":{}}
,"C:/Users/jdipaolo/Documents/GitHub/rpg-tools-logistics-boy/src/types/foundry/common/utils/geometry.d.ts": {"path":"C:/Users/jdipaolo/Documents/GitHub/rpg-tools-logistics-boy/src/types/foundry/common/utils/geometry.d.ts","statementMap":{},"fnMap":{},"branchMap":{},"s":{},"f":{},"b":{}}
,"C:/Users/jdipaolo/Documents/GitHub/rpg-tools-logistics-boy/src/types/foundry/common/utils/helpers.d.mts": {"path":"C:/Users/jdipaolo/Documents/GitHub/rpg-tools-logistics-boy/src/types/foundry/common/utils/helpers.d.mts","statementMap":{},"fnMap":{},"branchMap":{},"s":{},"f":{},"b":{}}
,"C:/Users/jdipaolo/Documents/GitHub/rpg-tools-logistics-boy/src/types/foundry/common/utils/helpers.d.ts": {"path":"C:/Users/jdipaolo/Documents/GitHub/rpg-tools-logistics-boy/src/types/foundry/common/utils/helpers.d.ts","statementMap":{},"fnMap":{},"branchMap":{},"s":{},"f":{},"b":{}}
,"C:/Users/jdipaolo/Documents/GitHub/rpg-tools-logistics-boy/src/types/foundry/common/utils/index.d.ts": {"path":"C:/Users/jdipaolo/Documents/GitHub/rpg-tools-logistics-boy/src/types/foundry/common/utils/index.d.ts","statementMap":{},"fnMap":{},"branchMap":{},"s":{},"f":{},"b":{}}
,"C:/Users/jdipaolo/Documents/GitHub/rpg-tools-logistics-boy/src/types/foundry/common/utils/module.d.mts": {"path":"C:/Users/jdipaolo/Documents/GitHub/rpg-tools-logistics-boy/src/types/foundry/common/utils/module.d.mts","statementMap":{},"fnMap":{},"branchMap":{},"s":{},"f":{},"b":{}}
,"C:/Users/jdipaolo/Documents/GitHub/rpg-tools-logistics-boy/src/types/foundry/common/utils/primitives.d.ts": {"path":"C:/Users/jdipaolo/Documents/GitHub/rpg-tools-logistics-boy/src/types/foundry/common/utils/primitives.d.ts","statementMap":{},"fnMap":{},"branchMap":{},"s":{},"f":{},"b":{}}
}
